"../../../Engine/Content/EditorResources/S_Actor.ubulk" 0
"../../../Engine/Content/EditorResources/S_Actor.uasset" 1
"../../../Engine/Content/EditorResources/S_Actor.uexp" 2
"../../../Engine/Content/EditorResources/S_BoxReflectionCapture.uasset" 3
"../../../Engine/Content/EditorResources/S_BoxReflectionCapture.uexp" 4
"../../../Engine/Content/EngineResources/DefaultTexture.ubulk" 5
"../../../Engine/Content/EngineResources/DefaultTexture.uasset" 6
"../../../Engine/Content/EngineResources/DefaultTexture.uexp" 7
"../../../Engine/Content/EngineResources/DefaultTextureCube.uasset" 8
"../../../Engine/Content/EngineResources/DefaultTextureCube.uexp" 9
"../../../Engine/Content/EngineResources/DefaultVolumeTexture2D.uasset" 10
"../../../Engine/Content/EngineResources/DefaultVolumeTexture2D.uexp" 11
"../../../Engine/Content/EngineResources/DefaultVolumeTexture.uasset" 12
"../../../Engine/Content/EngineResources/DefaultVolumeTexture.uexp" 13
"../../../Engine/Content/EditorResources/S_Trigger.ubulk" 14
"../../../Engine/Content/EditorResources/S_Trigger.uasset" 15
"../../../Engine/Content/EditorResources/S_Trigger.uexp" 16
"../../../Engine/Content/EditorResources/S_TriggerBox.uasset" 17
"../../../Engine/Content/EditorResources/S_TriggerBox.uexp" 18
"../../../Engine/Content/EditorResources/S_TriggerCapsule.uasset" 19
"../../../Engine/Content/EditorResources/S_TriggerCapsule.uexp" 20
"../../../Engine/Content/EditorResources/S_TriggerSphere.uasset" 21
"../../../Engine/Content/EditorResources/S_TriggerSphere.uexp" 22
"../../../Engine/Content/EngineMeshes/Sphere.uasset" 23
"../../../Engine/Content/EngineMeshes/Sphere.uexp" 24
"../../../Engine/Content/EngineResources/GradientTexture0.uasset" 25
"../../../Engine/Content/EngineResources/GradientTexture0.uexp" 26
"../../../Engine/Content/VREditor/LaserPointer/VR_LaserPower_01.ubulk" 27
"../../../Engine/Content/VREditor/LaserPointer/VR_LaserPower_01.uasset" 28
"../../../Engine/Content/VREditor/LaserPointer/VR_LaserPower_01.uexp" 29
"../../../Engine/Content/VREditor/TransformGizmo/TransformGizmoMaterial.uasset" 30
"../../../Engine/Content/VREditor/TransformGizmo/TransformGizmoMaterial.uexp" 31
"../../../Engine/Content/VREditor/TransformGizmo/TranslucentTransformGizmoMaterial.uasset" 32
"../../../Engine/Content/VREditor/TransformGizmo/TranslucentTransformGizmoMaterial.uexp" 33
"../../../Engine/Content/VREditor/TransformGizmo/PlaneTranslationHandle.uasset" 34
"../../../Engine/Content/VREditor/TransformGizmo/PlaneTranslationHandle.uexp" 35
"../../../Engine/Content/VREditor/TransformGizmo/BoundingBoxCorner.uasset" 36
"../../../Engine/Content/VREditor/TransformGizmo/BoundingBoxCorner.uexp" 37
"../../../Engine/Content/VREditor/TransformGizmo/BoundingBoxEdge.uasset" 38
"../../../Engine/Content/VREditor/TransformGizmo/BoundingBoxEdge.uexp" 39
"../../../Engine/Content/VREditor/TransformGizmo/Main.uasset" 40
"../../../Engine/Content/VREditor/TransformGizmo/Main.uexp" 41
"../../../Engine/Content/VREditor/TransformGizmo/Xray.uasset" 42
"../../../Engine/Content/VREditor/TransformGizmo/Xray.uexp" 43
"../../../Engine/Content/VREditor/TransformGizmo/SM_Sequencer_Node.uasset" 44
"../../../Engine/Content/VREditor/TransformGizmo/SM_Sequencer_Node.uexp" 45
"../../../Engine/Content/EditorMaterials/Camera/CineMat.uasset" 46
"../../../Engine/Content/EditorMaterials/Camera/CineMat.uexp" 47
"../../../Engine/Content/EditorMaterials/Camera/MI_CineMat_Rig.uasset" 48
"../../../Engine/Content/EditorMaterials/Camera/MI_CineMat_Rig.uexp" 49
"../../../Engine/Content/EditorMeshes/Camera/SM_CraneRig_Base.uasset" 50
"../../../Engine/Content/EditorMeshes/Camera/SM_CraneRig_Base.uexp" 51
"../../../Engine/Content/EditorMeshes/Camera/SM_CraneRig_Arm.uasset" 52
"../../../Engine/Content/EditorMeshes/Camera/SM_CraneRig_Arm.uexp" 53
"../../../Engine/Content/EditorMeshes/Camera/SM_CraneRig_Mount.uasset" 54
"../../../Engine/Content/EditorMeshes/Camera/SM_CraneRig_Mount.uexp" 55
"../../../Engine/Content/EditorMeshes/Camera/SM_CraneRig_Body.uasset" 56
"../../../Engine/Content/EditorMeshes/Camera/SM_CraneRig_Body.uexp" 57
"../../../Engine/Content/EditorMeshes/Camera/SM_RailRig_Track.uasset" 58
"../../../Engine/Content/EditorMeshes/Camera/SM_RailRig_Track.uexp" 59
"../../../Engine/Content/EditorMeshes/Camera/SM_RailRig_Mount.uasset" 60
"../../../Engine/Content/EditorMeshes/Camera/SM_RailRig_Mount.uexp" 61
"../../../Engine/Content/EngineMaterials/T_Default_Material_Grid_M.ubulk" 62
"../../../Engine/Content/EngineMaterials/T_Default_Material_Grid_M.uasset" 63
"../../../Engine/Content/EngineMaterials/T_Default_Material_Grid_M.uexp" 64
"../../../Engine/Content/EngineMaterials/T_Default_Material_Grid_N.ubulk" 65
"../../../Engine/Content/EngineMaterials/T_Default_Material_Grid_N.uasset" 66
"../../../Engine/Content/EngineMaterials/T_Default_Material_Grid_N.uexp" 67
"../../../Engine/Content/Functions/Engine_MaterialFunctions01/Opacity/CameraDepthFade.uasset" 68
"../../../Engine/Content/Functions/Engine_MaterialFunctions01/Opacity/CameraDepthFade.uexp" 69
"../../../Engine/Content/EngineMaterials/WorldGridMaterial.uasset" 70
"../../../Engine/Content/EngineMaterials/WorldGridMaterial.uexp" 71
"../../../Engine/Content/ArtTools/RenderToTexture/Meshes/S_1_Unit_Plane.uasset" 72
"../../../Engine/Content/ArtTools/RenderToTexture/Meshes/S_1_Unit_Plane.uexp" 73
"../../../Engine/Content/EditorMaterials/ParticleSystems/PSysThumbnail_NoImage.ubulk" 74
"../../../Engine/Content/EditorMaterials/ParticleSystems/PSysThumbnail_NoImage.uasset" 75
"../../../Engine/Content/EditorMaterials/ParticleSystems/PSysThumbnail_NoImage.uexp" 76
"../../../Engine/Content/EditorMaterials/ParticleSystems/PSysThumbnail_OOD.ubulk" 77
"../../../Engine/Content/EditorMaterials/ParticleSystems/PSysThumbnail_OOD.uasset" 78
"../../../Engine/Content/EditorMaterials/ParticleSystems/PSysThumbnail_OOD.uexp" 79
"../../../Engine/Content/EditorLandscapeResources/SplineEditorMeshMat.uasset" 80
"../../../Engine/Content/EditorLandscapeResources/SplineEditorMeshMat.uexp" 81
"../../../Engine/Content/EditorLandscapeResources/SplineEditorMesh.uasset" 82
"../../../Engine/Content/EditorLandscapeResources/SplineEditorMesh.uexp" 83
"../../../Engine/Content/EditorResources/S_Solver.ubulk" 84
"../../../Engine/Content/EditorResources/S_Solver.uasset" 85
"../../../Engine/Content/EditorResources/S_Solver.uexp" 86
"../../../Engine/Plugins/Media/MediaPlate/Content/SM_MediaPlateScreen.uasset" 87
"../../../Engine/Plugins/Media/MediaPlate/Content/SM_MediaPlateScreen.uexp" 88
"../../../Engine/Content/EngineMaterials/BaseFlattenNormalMap.uasset" 89
"../../../Engine/Content/EngineMaterials/BaseFlattenNormalMap.uexp" 90
"../../../Engine/Content/EngineResources/Black.uasset" 91
"../../../Engine/Content/EngineResources/Black.uexp" 92
"../../../Engine/Plugins/Runtime/OpenXR/Content/Devices/M_XRController.uasset" 93
"../../../Engine/Plugins/Runtime/OpenXR/Content/Devices/M_XRController.uexp" 94
"../../../Engine/Plugins/Runtime/OpenXR/Content/Devices/HTCVive/BaseTexture.ubulk" 95
"../../../Engine/Plugins/Runtime/OpenXR/Content/Devices/HTCVive/BaseTexture.uasset" 96
"../../../Engine/Plugins/Runtime/OpenXR/Content/Devices/HTCVive/BaseTexture.uexp" 97
"../../../Engine/Plugins/Runtime/OpenXR/Content/Devices/HTCVive/MI_HTCVive.uasset" 98
"../../../Engine/Plugins/Runtime/OpenXR/Content/Devices/HTCVive/MI_HTCVive.uexp" 99
"../../../Engine/Plugins/Runtime/OpenXR/Content/Devices/HTCVive/HTCViveController.uasset" 100
"../../../Engine/Plugins/Runtime/OpenXR/Content/Devices/HTCVive/HTCViveController.uexp" 101
"../../../Engine/Plugins/Runtime/OpenXR/Content/Devices/MicrosoftMixedReality/NormalTexture.ubulk" 102
"../../../Engine/Plugins/Runtime/OpenXR/Content/Devices/MicrosoftMixedReality/NormalTexture.uasset" 103
"../../../Engine/Plugins/Runtime/OpenXR/Content/Devices/MicrosoftMixedReality/NormalTexture.uexp" 104
"../../../Engine/Plugins/Runtime/OpenXR/Content/Devices/MicrosoftMixedReality/EmissiveTexture.ubulk" 105
"../../../Engine/Plugins/Runtime/OpenXR/Content/Devices/MicrosoftMixedReality/EmissiveTexture.uasset" 106
"../../../Engine/Plugins/Runtime/OpenXR/Content/Devices/MicrosoftMixedReality/EmissiveTexture.uexp" 107
"../../../Engine/Plugins/Runtime/OpenXR/Content/Devices/MicrosoftMixedReality/BaseTexture.ubulk" 108
"../../../Engine/Plugins/Runtime/OpenXR/Content/Devices/MicrosoftMixedReality/BaseTexture.uasset" 109
"../../../Engine/Plugins/Runtime/OpenXR/Content/Devices/MicrosoftMixedReality/BaseTexture.uexp" 110
"../../../Engine/Plugins/Runtime/OpenXR/Content/Devices/MicrosoftMixedReality/MRTexture.ubulk" 111
"../../../Engine/Plugins/Runtime/OpenXR/Content/Devices/MicrosoftMixedReality/MRTexture.uasset" 112
"../../../Engine/Plugins/Runtime/OpenXR/Content/Devices/MicrosoftMixedReality/MRTexture.uexp" 113
"../../../Engine/Plugins/Runtime/OpenXR/Content/Devices/MicrosoftMixedReality/MI_MicrosoftMixedReality.uasset" 114
"../../../Engine/Plugins/Runtime/OpenXR/Content/Devices/MicrosoftMixedReality/MI_MicrosoftMixedReality.uexp" 115
"../../../Engine/Plugins/Runtime/OpenXR/Content/Devices/MicrosoftMixedReality/Left/left_MicrosoftMixedRealityController.uasset" 116
"../../../Engine/Plugins/Runtime/OpenXR/Content/Devices/MicrosoftMixedReality/Left/left_MicrosoftMixedRealityController.uexp" 117
"../../../Engine/Plugins/Runtime/OpenXR/Content/Devices/MicrosoftMixedReality/Right/right_MicrosoftMixedRealityController.uasset" 118
"../../../Engine/Plugins/Runtime/OpenXR/Content/Devices/MicrosoftMixedReality/Right/right_MicrosoftMixedRealityController.uexp" 119
"../../../Engine/Plugins/Runtime/OpenXR/Content/Devices/OculusGo/BaseTexture.ubulk" 120
"../../../Engine/Plugins/Runtime/OpenXR/Content/Devices/OculusGo/BaseTexture.uasset" 121
"../../../Engine/Plugins/Runtime/OpenXR/Content/Devices/OculusGo/BaseTexture.uexp" 122
"../../../Engine/Plugins/Runtime/OpenXR/Content/Devices/OculusGo/MI_OculusGo.uasset" 123
"../../../Engine/Plugins/Runtime/OpenXR/Content/Devices/OculusGo/MI_OculusGo.uexp" 124
"../../../Engine/Plugins/Runtime/OpenXR/Content/Devices/OculusGo/OculusGoController.uasset" 125
"../../../Engine/Plugins/Runtime/OpenXR/Content/Devices/OculusGo/OculusGoController.uexp" 126
"../../../Engine/Plugins/Runtime/OpenXR/Content/Devices/OculusTouch/BaseTexture.ubulk" 127
"../../../Engine/Plugins/Runtime/OpenXR/Content/Devices/OculusTouch/BaseTexture.uasset" 128
"../../../Engine/Plugins/Runtime/OpenXR/Content/Devices/OculusTouch/BaseTexture.uexp" 129
"../../../Engine/Plugins/Runtime/OpenXR/Content/Devices/OculusTouch/MRTexture.ubulk" 130
"../../../Engine/Plugins/Runtime/OpenXR/Content/Devices/OculusTouch/MRTexture.uasset" 131
"../../../Engine/Plugins/Runtime/OpenXR/Content/Devices/OculusTouch/MRTexture.uexp" 132
"../../../Engine/Plugins/Runtime/OpenXR/Content/Devices/OculusTouch/MI_OculusTouch.uasset" 133
"../../../Engine/Plugins/Runtime/OpenXR/Content/Devices/OculusTouch/MI_OculusTouch.uexp" 134
"../../../Engine/Plugins/Runtime/OpenXR/Content/Devices/OculusTouch/Left/left_OculusTouchController.uasset" 135
"../../../Engine/Plugins/Runtime/OpenXR/Content/Devices/OculusTouch/Left/left_OculusTouchController.uexp" 136
"../../../Engine/Plugins/Runtime/OpenXR/Content/Devices/OculusTouch/Right/right_OculusTouchController.uasset" 137
"../../../Engine/Plugins/Runtime/OpenXR/Content/Devices/OculusTouch/Right/right_OculusTouchController.uexp" 138
"../../../Engine/Plugins/Runtime/OpenXR/Content/Devices/ValveIndex/MRTexture.ubulk" 139
"../../../Engine/Plugins/Runtime/OpenXR/Content/Devices/ValveIndex/MRTexture.uasset" 140
"../../../Engine/Plugins/Runtime/OpenXR/Content/Devices/ValveIndex/MRTexture.uexp" 141
"../../../Engine/Plugins/Runtime/OpenXR/Content/Devices/ValveIndex/BaseTexture.ubulk" 142
"../../../Engine/Plugins/Runtime/OpenXR/Content/Devices/ValveIndex/BaseTexture.uasset" 143
"../../../Engine/Plugins/Runtime/OpenXR/Content/Devices/ValveIndex/BaseTexture.uexp" 144
"../../../Engine/Plugins/Runtime/OpenXR/Content/Devices/ValveIndex/Left/MI_left_ValveIndex.uasset" 145
"../../../Engine/Plugins/Runtime/OpenXR/Content/Devices/ValveIndex/Left/MI_left_ValveIndex.uexp" 146
"../../../Engine/Plugins/Runtime/OpenXR/Content/Devices/ValveIndex/Left/left_ValveIndexController.uasset" 147
"../../../Engine/Plugins/Runtime/OpenXR/Content/Devices/ValveIndex/Left/left_ValveIndexController.uexp" 148
"../../../Engine/Plugins/Runtime/OpenXR/Content/Devices/ValveIndex/Right/MI_right_ValveIndex.uasset" 149
"../../../Engine/Plugins/Runtime/OpenXR/Content/Devices/ValveIndex/Right/MI_right_ValveIndex.uexp" 150
"../../../Engine/Plugins/Runtime/OpenXR/Content/Devices/ValveIndex/Right/right_ValveIndexController.uasset" 151
"../../../Engine/Plugins/Runtime/OpenXR/Content/Devices/ValveIndex/Right/right_ValveIndexController.uexp" 152
"../../../Engine/Plugins/Runtime/OpenXR/Content/Devices/OculusTouch_v2/BaseTexture.ubulk" 153
"../../../Engine/Plugins/Runtime/OpenXR/Content/Devices/OculusTouch_v2/BaseTexture.uasset" 154
"../../../Engine/Plugins/Runtime/OpenXR/Content/Devices/OculusTouch_v2/BaseTexture.uexp" 155
"../../../Engine/Plugins/Runtime/OpenXR/Content/Devices/OculusTouch_v2/MRTexture.ubulk" 156
"../../../Engine/Plugins/Runtime/OpenXR/Content/Devices/OculusTouch_v2/MRTexture.uasset" 157
"../../../Engine/Plugins/Runtime/OpenXR/Content/Devices/OculusTouch_v2/MRTexture.uexp" 158
"../../../Engine/Plugins/Runtime/OpenXR/Content/Devices/OculusTouch_v2/MI_OculusTouch_v2.uasset" 159
"../../../Engine/Plugins/Runtime/OpenXR/Content/Devices/OculusTouch_v2/MI_OculusTouch_v2.uexp" 160
"../../../Engine/Plugins/Runtime/OpenXR/Content/Devices/OculusTouch_v2/Left/left_OculusTouch_v2Controller.uasset" 161
"../../../Engine/Plugins/Runtime/OpenXR/Content/Devices/OculusTouch_v2/Left/left_OculusTouch_v2Controller.uexp" 162
"../../../Engine/Plugins/Runtime/OpenXR/Content/Devices/OculusTouch_v2/Right/right_OculusTouch_v2Controller.uasset" 163
"../../../Engine/Plugins/Runtime/OpenXR/Content/Devices/OculusTouch_v2/Right/right_OculusTouch_v2Controller.uexp" 164
"../../../Engine/Plugins/Runtime/OpenXR/Content/Devices/OculusTouch_v3/MRTexture.ubulk" 165
"../../../Engine/Plugins/Runtime/OpenXR/Content/Devices/OculusTouch_v3/MRTexture.uasset" 166
"../../../Engine/Plugins/Runtime/OpenXR/Content/Devices/OculusTouch_v3/MRTexture.uexp" 167
"../../../Engine/Plugins/Runtime/OpenXR/Content/Devices/OculusTouch_v3/BaseTexture.ubulk" 168
"../../../Engine/Plugins/Runtime/OpenXR/Content/Devices/OculusTouch_v3/BaseTexture.uasset" 169
"../../../Engine/Plugins/Runtime/OpenXR/Content/Devices/OculusTouch_v3/BaseTexture.uexp" 170
"../../../Engine/Plugins/Runtime/OpenXR/Content/Devices/OculusTouch_v3/MI_OculusTouch_v3.uasset" 171
"../../../Engine/Plugins/Runtime/OpenXR/Content/Devices/OculusTouch_v3/MI_OculusTouch_v3.uexp" 172
"../../../Engine/Plugins/Runtime/OpenXR/Content/Devices/OculusTouch_v3/Left/left_OculusTouch_v3Controller.uasset" 173
"../../../Engine/Plugins/Runtime/OpenXR/Content/Devices/OculusTouch_v3/Left/left_OculusTouch_v3Controller.uexp" 174
"../../../Engine/Plugins/Runtime/OpenXR/Content/Devices/OculusTouch_v3/Right/right_OculusTouch_v3Controller.uasset" 175
"../../../Engine/Plugins/Runtime/OpenXR/Content/Devices/OculusTouch_v3/Right/right_OculusTouch_v3Controller.uexp" 176
"../../../Engine/Content/EngineMaterials/DefaultBokeh.uasset" 177
"../../../Engine/Content/EngineMaterials/DefaultBokeh.uexp" 178
"../../../Engine/Content/EngineMaterials/PreintegratedSkinBRDF.uasset" 179
"../../../Engine/Content/EngineMaterials/PreintegratedSkinBRDF.uexp" 180
"../../../Engine/Content/EngineMaterials/MiniFont.uasset" 181
"../../../Engine/Content/EngineMaterials/MiniFont.uexp" 182
"../../../Engine/Content/EngineMaterials/WeightMapPlaceholderTexture.uasset" 183
"../../../Engine/Content/EngineMaterials/WeightMapPlaceholderTexture.uexp" 184
"../../../Engine/Content/EngineMaterials/DefaultWhiteGrid.ubulk" 185
"../../../Engine/Content/EngineMaterials/DefaultWhiteGrid.uasset" 186
"../../../Engine/Content/EngineMaterials/DefaultWhiteGrid.uexp" 187
"../../../Engine/Plugins/2D/Paper2D/Content/PlaceholderTextures/DummySpriteTexture.ubulk" 188
"../../../Engine/Plugins/2D/Paper2D/Content/PlaceholderTextures/DummySpriteTexture.uasset" 189
"../../../Engine/Plugins/2D/Paper2D/Content/PlaceholderTextures/DummySpriteTexture.uexp" 190
"../../../Engine/Plugins/2D/Paper2D/Content/DefaultSpriteMaterial.uasset" 191
"../../../Engine/Plugins/2D/Paper2D/Content/DefaultSpriteMaterial.uexp" 192
"../../../Engine/Plugins/2D/Paper2D/Content/OpaqueUnlitSpriteMaterial.uasset" 193
"../../../Engine/Plugins/2D/Paper2D/Content/OpaqueUnlitSpriteMaterial.uexp" 194
"../../../Engine/Plugins/2D/Paper2D/Content/MaskedUnlitSpriteMaterial.uasset" 195
"../../../Engine/Plugins/2D/Paper2D/Content/MaskedUnlitSpriteMaterial.uexp" 196
"../../../Engine/Plugins/2D/Paper2D/Content/DummySprite.uasset" 197
"../../../Engine/Plugins/2D/Paper2D/Content/DummySprite.uexp" 198
"../../../Engine/Plugins/2D/Paper2D/Content/DefaultPaperTerrainMaterial.uasset" 199
"../../../Engine/Plugins/2D/Paper2D/Content/DefaultPaperTerrainMaterial.uexp" 200
"../../../Engine/Content/Functions/Engine_MaterialFunctions02/WorldPositionOffset/CameraOffset.uasset" 201
"../../../Engine/Content/Functions/Engine_MaterialFunctions02/WorldPositionOffset/CameraOffset.uexp" 202
"../../../Engine/Plugins/Animation/ControlRig/Content/M_Manip.uasset" 203
"../../../Engine/Plugins/Animation/ControlRig/Content/M_Manip.uexp" 204
"../../../Engine/Content/Animation/DefaultAnimBoneCompressionSettings.uasset" 205
"../../../Engine/Content/Animation/DefaultAnimBoneCompressionSettings.uexp" 206
"../../../Engine/Content/BasicShapes/Plane.uasset" 207
"../../../Engine/Content/BasicShapes/Plane.uexp" 208
"../../../Engine/Content/EditorResources/S_Terrain.ubulk" 209
"../../../Engine/Content/EditorResources/S_Terrain.uasset" 210
"../../../Engine/Content/EditorResources/S_Terrain.uexp" 211
"../../../Engine/Content/EngineResources/WhiteSquareTexture.uasset" 212
"../../../Engine/Content/EngineResources/WhiteSquareTexture.uexp" 213
"../../../Engine/Content/EngineMaterials/Widget3DPassThrough.uasset" 214
"../../../Engine/Content/EngineMaterials/Widget3DPassThrough.uexp" 215
"../../../Engine/Content/EngineMaterials/Widget3DPassThrough_Translucent.uasset" 216
"../../../Engine/Content/EngineMaterials/Widget3DPassThrough_Translucent.uexp" 217
"../../../Engine/Content/EngineMaterials/Widget3DPassThrough_Translucent_OneSided.uasset" 218
"../../../Engine/Content/EngineMaterials/Widget3DPassThrough_Translucent_OneSided.uexp" 219
"../../../Engine/Content/EngineMaterials/Widget3DPassThrough_Opaque.uasset" 220
"../../../Engine/Content/EngineMaterials/Widget3DPassThrough_Opaque.uexp" 221
"../../../Engine/Content/EngineMaterials/Widget3DPassThrough_Opaque_OneSided.uasset" 222
"../../../Engine/Content/EngineMaterials/Widget3DPassThrough_Opaque_OneSided.uexp" 223
"../../../Engine/Content/EngineMaterials/Widget3DPassThrough_Masked_OneSided.uasset" 224
"../../../Engine/Content/EngineMaterials/Widget3DPassThrough_Masked_OneSided.uexp" 225
"../../../Engine/Content/EngineMaterials/Widget3DPassThrough_Masked.uasset" 226
"../../../Engine/Content/EngineMaterials/Widget3DPassThrough_Masked.uexp" 227
"../../../Engine/Plugins/Animation/ControlRig/Content/Controls/DefaultGizmoLibraryNormalized.uasset" 228
"../../../Engine/Plugins/Animation/ControlRig/Content/Controls/DefaultGizmoLibraryNormalized.uexp" 229
"../../../Engine/Plugins/Animation/ControlRig/Content/Controls/ControlRig_Wedge_solid.uasset" 230
"../../../Engine/Plugins/Animation/ControlRig/Content/Controls/ControlRig_Wedge_solid.uexp" 231
"../../../Engine/Plugins/Animation/ControlRig/Content/Controls/ControlRig_Wedge_3mm.uasset" 232
"../../../Engine/Plugins/Animation/ControlRig/Content/Controls/ControlRig_Wedge_3mm.uexp" 233
"../../../Engine/Plugins/Animation/ControlRig/Content/Controls/ControlRig_Wedge_1mm.uasset" 234
"../../../Engine/Plugins/Animation/ControlRig/Content/Controls/ControlRig_Wedge_1mm.uexp" 235
"../../../Engine/Plugins/Animation/ControlRig/Content/Controls/ControlRig_Triangle_solid.uasset" 236
"../../../Engine/Plugins/Animation/ControlRig/Content/Controls/ControlRig_Triangle_solid.uexp" 237
"../../../Engine/Plugins/Animation/ControlRig/Content/Controls/ControlRig_Triangle_3mm.uasset" 238
"../../../Engine/Plugins/Animation/ControlRig/Content/Controls/ControlRig_Triangle_3mm.uexp" 239
"../../../Engine/Plugins/Animation/ControlRig/Content/Controls/ControlRig_Triangle_1mm.uasset" 240
"../../../Engine/Plugins/Animation/ControlRig/Content/Controls/ControlRig_Triangle_1mm.uexp" 241
"../../../Engine/Plugins/Animation/ControlRig/Content/Controls/ControlRig_Star4_solid.uasset" 242
"../../../Engine/Plugins/Animation/ControlRig/Content/Controls/ControlRig_Star4_solid.uexp" 243
"../../../Engine/Plugins/Animation/ControlRig/Content/Controls/ControlRig_Star4_3mm.uasset" 244
"../../../Engine/Plugins/Animation/ControlRig/Content/Controls/ControlRig_Star4_3mm.uexp" 245
"../../../Engine/Plugins/Animation/ControlRig/Content/Controls/ControlRig_Star4_1mm.uasset" 246
"../../../Engine/Plugins/Animation/ControlRig/Content/Controls/ControlRig_Star4_1mm.uexp" 247
"../../../Engine/Plugins/Animation/ControlRig/Content/Controls/ControlRig_Square_solid.uasset" 248
"../../../Engine/Plugins/Animation/ControlRig/Content/Controls/ControlRig_Square_solid.uexp" 249
"../../../Engine/Plugins/Animation/ControlRig/Content/Controls/ControlRig_Square_3mm.uasset" 250
"../../../Engine/Plugins/Animation/ControlRig/Content/Controls/ControlRig_Square_3mm.uexp" 251
"../../../Engine/Plugins/Animation/ControlRig/Content/Controls/ControlRig_Square_1mm.uasset" 252
"../../../Engine/Plugins/Animation/ControlRig/Content/Controls/ControlRig_Square_1mm.uexp" 253
"../../../Engine/Plugins/Animation/ControlRig/Content/Controls/ControlRig_Sphere_solid.uasset" 254
"../../../Engine/Plugins/Animation/ControlRig/Content/Controls/ControlRig_Sphere_solid.uexp" 255
"../../../Engine/Plugins/Animation/ControlRig/Content/Controls/ControlRig_Sphere_3mm.uasset" 256
"../../../Engine/Plugins/Animation/ControlRig/Content/Controls/ControlRig_Sphere_3mm.uexp" 257
"../../../Engine/Plugins/Animation/ControlRig/Content/Controls/ControlRig_Sphere_1mm.uasset" 258
"../../../Engine/Plugins/Animation/ControlRig/Content/Controls/ControlRig_Sphere_1mm.uexp" 259
"../../../Engine/Plugins/Animation/ControlRig/Content/Controls/ControlRig_RoundedTriangle_solid.uasset" 260
"../../../Engine/Plugins/Animation/ControlRig/Content/Controls/ControlRig_RoundedTriangle_solid.uexp" 261
"../../../Engine/Plugins/Animation/ControlRig/Content/Controls/ControlRig_RoundedTriangle_3mm.uasset" 262
"../../../Engine/Plugins/Animation/ControlRig/Content/Controls/ControlRig_RoundedTriangle_3mm.uexp" 263
"../../../Engine/Plugins/Animation/ControlRig/Content/Controls/ControlRig_RoundedTriangle_1mm.uasset" 264
"../../../Engine/Plugins/Animation/ControlRig/Content/Controls/ControlRig_RoundedTriangle_1mm.uexp" 265
"../../../Engine/Plugins/Animation/ControlRig/Content/Controls/ControlRig_RoundedSquare_solid.uasset" 266
"../../../Engine/Plugins/Animation/ControlRig/Content/Controls/ControlRig_RoundedSquare_solid.uexp" 267
"../../../Engine/Plugins/Animation/ControlRig/Content/Controls/ControlRig_RoundedSquare_3mm.uasset" 268
"../../../Engine/Plugins/Animation/ControlRig/Content/Controls/ControlRig_RoundedSquare_3mm.uexp" 269
"../../../Engine/Plugins/Animation/ControlRig/Content/Controls/ControlRig_RoundedSquare_1mm.uasset" 270
"../../../Engine/Plugins/Animation/ControlRig/Content/Controls/ControlRig_RoundedSquare_1mm.uexp" 271
"../../../Engine/Plugins/Animation/ControlRig/Content/Controls/ControlRig_QuarterCircle_solid.uasset" 272
"../../../Engine/Plugins/Animation/ControlRig/Content/Controls/ControlRig_QuarterCircle_solid.uexp" 273
"../../../Engine/Plugins/Animation/ControlRig/Content/Controls/ControlRig_QuarterCircle_3mm.uasset" 274
"../../../Engine/Plugins/Animation/ControlRig/Content/Controls/ControlRig_QuarterCircle_3mm.uexp" 275
"../../../Engine/Plugins/Animation/ControlRig/Content/Controls/ControlRig_QuarterCircle_1mm.uasset" 276
"../../../Engine/Plugins/Animation/ControlRig/Content/Controls/ControlRig_QuarterCircle_1mm.uexp" 277
"../../../Engine/Plugins/Animation/ControlRig/Content/Controls/ControlRig_Pyramid_solid.uasset" 278
"../../../Engine/Plugins/Animation/ControlRig/Content/Controls/ControlRig_Pyramid_solid.uexp" 279
"../../../Engine/Plugins/Runtime/MeshModelingToolset/Content/Materials/M_DynamicMeshComponentVtxColor.uasset" 280
"../../../Engine/Plugins/Runtime/MeshModelingToolset/Content/Materials/M_DynamicMeshComponentVtxColor.uexp" 281
"../../../Engine/Plugins/Interchange/Runtime/Content/Pipelines/DefaultTexturePipeline.uasset" 282
"../../../Engine/Plugins/Interchange/Runtime/Content/Pipelines/DefaultTexturePipeline.uexp" 283
"../../../Engine/Plugins/Interchange/Runtime/Content/Pipelines/DefaultSceneLevelPipeline.uasset" 284
"../../../Engine/Plugins/Interchange/Runtime/Content/Pipelines/DefaultSceneLevelPipeline.uexp" 285
"../../../Engine/Plugins/Interchange/Runtime/Content/Pipelines/DefaultSceneAssetsPipeline.uasset" 286
"../../../Engine/Plugins/Interchange/Runtime/Content/Pipelines/DefaultSceneAssetsPipeline.uexp" 287
"../../../Engine/Plugins/Interchange/Runtime/Content/Pipelines/DefaultMaterialPipeline.uasset" 288
"../../../Engine/Plugins/Interchange/Runtime/Content/Pipelines/DefaultMaterialPipeline.uexp" 289
"../../../Engine/Plugins/Interchange/Runtime/Content/Pipelines/DefaultAssetsPipeline.uasset" 290
"../../../Engine/Plugins/Interchange/Runtime/Content/Pipelines/DefaultAssetsPipeline.uexp" 291
"../../../Engine/Plugins/Editor/SpeedTreeImporter/Content/SpeedTree9/game_wind_noise.ubulk" 292
"../../../Engine/Plugins/Editor/SpeedTreeImporter/Content/SpeedTree9/game_wind_noise.uasset" 293
"../../../Engine/Plugins/Editor/SpeedTreeImporter/Content/SpeedTree9/game_wind_noise.uexp" 294
"../../../Engine/Plugins/Editor/SpeedTreeImporter/Content/SpeedTree9/UnpackDirection.uasset" 295
"../../../Engine/Plugins/Editor/SpeedTreeImporter/Content/SpeedTree9/UnpackDirection.uexp" 296
"../../../Engine/Content/Functions/Engine_MaterialFunctions02/ObjectLocalBounds.uasset" 297
"../../../Engine/Content/Functions/Engine_MaterialFunctions02/ObjectLocalBounds.uexp" 298
"../../../Engine/Content/Functions/Engine_MaterialFunctions02/Utility/BreakOutFloat3Components.uasset" 299
"../../../Engine/Content/Functions/Engine_MaterialFunctions02/Utility/BreakOutFloat3Components.uexp" 300
"../../../Engine/Content/Functions/Engine_MaterialFunctions02/UVs/BoundingBoxBased_0-1_UVW.uasset" 301
"../../../Engine/Content/Functions/Engine_MaterialFunctions02/UVs/BoundingBoxBased_0-1_UVW.uexp" 302
"../../../Engine/Content/Functions/Engine_MaterialFunctions02/Utility/VectorLength.uasset" 303
"../../../Engine/Content/Functions/Engine_MaterialFunctions02/Utility/VectorLength.uexp" 304
"../../../Engine/Plugins/Editor/SpeedTreeImporter/Content/SpeedTree9/UnpackInteger3.uasset" 305
"../../../Engine/Plugins/Editor/SpeedTreeImporter/Content/SpeedTree9/UnpackInteger3.uexp" 306
"../../../Engine/Plugins/Editor/SpeedTreeImporter/Content/SpeedTree9/SpeedTreeCameraFacing.uasset" 307
"../../../Engine/Plugins/Editor/SpeedTreeImporter/Content/SpeedTree9/SpeedTreeCameraFacing.uexp" 308
"../../../Engine/Content/Functions/Engine_MaterialFunctions02/WorldPositionOffset/ObjectScale.uasset" 309
"../../../Engine/Content/Functions/Engine_MaterialFunctions02/WorldPositionOffset/ObjectScale.uexp" 310
"../../../Engine/Content/Functions/Engine_MaterialFunctions02/SafeNormalize.uasset" 311
"../../../Engine/Content/Functions/Engine_MaterialFunctions02/SafeNormalize.uexp" 312
"../../../Engine/Plugins/Editor/SpeedTreeImporter/Content/SpeedTree9/SpeedTreeWindMotion.uasset" 313
"../../../Engine/Plugins/Editor/SpeedTreeImporter/Content/SpeedTree9/SpeedTreeWindMotion.uexp" 314
"../../../Engine/Plugins/Editor/SpeedTreeImporter/Content/SpeedTree9/SpeedTreeBranchMotion.uasset" 315
"../../../Engine/Plugins/Editor/SpeedTreeImporter/Content/SpeedTree9/SpeedTreeBranchMotion.uexp" 316
"../../../Engine/Plugins/Editor/SpeedTreeImporter/Content/SpeedTree9/SpeedTreeWind.uasset" 317
"../../../Engine/Plugins/Editor/SpeedTreeImporter/Content/SpeedTree9/SpeedTreeWind.uexp" 318
"../../../Engine/Plugins/Editor/SpeedTreeImporter/Content/SpeedTree9/EmptyNormal.uasset" 319
"../../../Engine/Plugins/Editor/SpeedTreeImporter/Content/SpeedTree9/EmptyNormal.uexp" 320
"../../../Engine/Plugins/Editor/SpeedTreeImporter/Content/SpeedTree9/Empty.uasset" 321
"../../../Engine/Plugins/Editor/SpeedTreeImporter/Content/SpeedTree9/Empty.uexp" 322
"../../../Engine/Plugins/Editor/SpeedTreeImporter/Content/SpeedTree9/SpeedTreeMaster.uasset" 323
"../../../Engine/Plugins/Editor/SpeedTreeImporter/Content/SpeedTree9/SpeedTreeMaster.uexp" 324
"../../../Engine/Plugins/Editor/SpeedTreeImporter/Content/SpeedTree9/SpeedTreeBillboard.uasset" 325
"../../../Engine/Plugins/Editor/SpeedTreeImporter/Content/SpeedTree9/SpeedTreeBillboard.uexp" 326
"../../../Engine/Plugins/Editor/SpeedTreeImporter/Content/SpeedTree9/SpeedTreeBillboardMaster.uasset" 327
"../../../Engine/Plugins/Editor/SpeedTreeImporter/Content/SpeedTree9/SpeedTreeBillboardMaster.uexp" 328
"../../../Engine/Plugins/Animation/ControlRig/Content/Controls/ControlRig_Pyramid_3mm.uasset" 329
"../../../Engine/Plugins/Animation/ControlRig/Content/Controls/ControlRig_Pyramid_3mm.uexp" 330
"../../../Engine/Plugins/Animation/ControlRig/Content/Controls/ControlRig_Pyramid_1mm.uasset" 331
"../../../Engine/Plugins/Animation/ControlRig/Content/Controls/ControlRig_Pyramid_1mm.uexp" 332
"../../../Engine/Plugins/Animation/ControlRig/Content/Controls/ControlRig_Octagon_solid.uasset" 333
"../../../Engine/Plugins/Animation/ControlRig/Content/Controls/ControlRig_Octagon_solid.uexp" 334
"../../../Engine/Plugins/Animation/ControlRig/Content/Controls/ControlRig_Octagon_3mm.uasset" 335
"../../../Engine/Plugins/Animation/ControlRig/Content/Controls/ControlRig_Octagon_3mm.uexp" 336
"../../../Engine/Plugins/Animation/ControlRig/Content/Controls/ControlRig_Octagon_1mm.uasset" 337
"../../../Engine/Plugins/Animation/ControlRig/Content/Controls/ControlRig_Octagon_1mm.uexp" 338
"../../../Engine/Plugins/Animation/ControlRig/Content/Controls/ControlRig_Hexagon_solid.uasset" 339
"../../../Engine/Plugins/Animation/ControlRig/Content/Controls/ControlRig_Hexagon_solid.uexp" 340
"../../../Engine/Plugins/Animation/ControlRig/Content/Controls/ControlRig_Hexagon_3mm.uasset" 341
"../../../Engine/Plugins/Animation/ControlRig/Content/Controls/ControlRig_Hexagon_3mm.uexp" 342
"../../../Engine/Plugins/Animation/ControlRig/Content/Controls/ControlRig_Hexagon_1mm.uasset" 343
"../../../Engine/Plugins/Animation/ControlRig/Content/Controls/ControlRig_Hexagon_1mm.uexp" 344
"../../../Engine/Plugins/Animation/ControlRig/Content/Controls/ControlRig_HalfCircle_solid.uasset" 345
"../../../Engine/Plugins/Animation/ControlRig/Content/Controls/ControlRig_HalfCircle_solid.uexp" 346
"../../../Engine/Plugins/Animation/ControlRig/Content/Controls/ControlRig_HalfCircle_3mm.uasset" 347
"../../../Engine/Plugins/Animation/ControlRig/Content/Controls/ControlRig_HalfCircle_3mm.uexp" 348
"../../../Engine/Plugins/Animation/ControlRig/Content/Controls/ControlRig_HalfCircle_1mm.uasset" 349
"../../../Engine/Plugins/Animation/ControlRig/Content/Controls/ControlRig_HalfCircle_1mm.uexp" 350
"../../../Engine/Plugins/Animation/ControlRig/Content/Controls/ControlRig_Diamond_solid.uasset" 351
"../../../Engine/Plugins/Animation/ControlRig/Content/Controls/ControlRig_Diamond_solid.uexp" 352
"../../../Engine/Plugins/Animation/ControlRig/Content/Controls/ControlRig_Diamond_3mm.uasset" 353
"../../../Engine/Plugins/Animation/ControlRig/Content/Controls/ControlRig_Diamond_3mm.uexp" 354
"../../../Engine/Plugins/Animation/ControlRig/Content/Controls/ControlRig_Diamond_1mm.uasset" 355
"../../../Engine/Plugins/Animation/ControlRig/Content/Controls/ControlRig_Diamond_1mm.uexp" 356
"../../../Engine/Plugins/Animation/ControlRig/Content/Controls/ControlRig_Circle_solid.uasset" 357
"../../../Engine/Plugins/Animation/ControlRig/Content/Controls/ControlRig_Circle_solid.uexp" 358
"../../../Engine/Plugins/Animation/ControlRig/Content/Controls/ControlRig_Circle_3mm.uasset" 359
"../../../Engine/Plugins/Animation/ControlRig/Content/Controls/ControlRig_Circle_3mm.uexp" 360
"../../../Engine/Plugins/Animation/ControlRig/Content/Controls/ControlRig_Circle_1mm.uasset" 361
"../../../Engine/Plugins/Animation/ControlRig/Content/Controls/ControlRig_Circle_1mm.uexp" 362
"../../../Engine/Plugins/Animation/ControlRig/Content/Controls/ControlRig_Box_solid.uasset" 363
"../../../Engine/Plugins/Animation/ControlRig/Content/Controls/ControlRig_Box_solid.uexp" 364
"../../../Engine/Plugins/Animation/ControlRig/Content/Controls/ControlRig_Box_3mm.uasset" 365
"../../../Engine/Plugins/Animation/ControlRig/Content/Controls/ControlRig_Box_3mm.uexp" 366
"../../../Engine/Plugins/Animation/ControlRig/Content/Controls/ControlRig_Box_1mm.uasset" 367
"../../../Engine/Plugins/Animation/ControlRig/Content/Controls/ControlRig_Box_1mm.uexp" 368
"../../../Engine/Plugins/Animation/ControlRig/Content/Controls/ControlRig_Arrow_solid.uasset" 369
"../../../Engine/Plugins/Animation/ControlRig/Content/Controls/ControlRig_Arrow_solid.uexp" 370
"../../../Engine/Plugins/Animation/ControlRig/Content/Controls/ControlRig_Arrow_3mm.uasset" 371
"../../../Engine/Plugins/Animation/ControlRig/Content/Controls/ControlRig_Arrow_3mm.uexp" 372
"../../../Engine/Plugins/Animation/ControlRig/Content/Controls/ControlRig_Arrow_1mm.uasset" 373
"../../../Engine/Plugins/Animation/ControlRig/Content/Controls/ControlRig_Arrow_1mm.uexp" 374
"../../../Engine/Plugins/Animation/ControlRig/Content/Controls/ControlRig_Arrow4_solid.uasset" 375
"../../../Engine/Plugins/Animation/ControlRig/Content/Controls/ControlRig_Arrow4_solid.uexp" 376
"../../../Engine/Plugins/Animation/ControlRig/Content/Controls/ControlRig_Arrow4_3mm.uasset" 377
"../../../Engine/Plugins/Animation/ControlRig/Content/Controls/ControlRig_Arrow4_3mm.uexp" 378
"../../../Engine/Plugins/Animation/ControlRig/Content/Controls/ControlRig_Arrow4_1mm.uasset" 379
"../../../Engine/Plugins/Animation/ControlRig/Content/Controls/ControlRig_Arrow4_1mm.uexp" 380
"../../../Engine/Plugins/Animation/ControlRig/Content/Controls/ControlRig_Arrow2_solid.uasset" 381
"../../../Engine/Plugins/Animation/ControlRig/Content/Controls/ControlRig_Arrow2_solid.uexp" 382
"../../../Engine/Plugins/Animation/ControlRig/Content/Controls/ControlRig_Arrow2_3mm.uasset" 383
"../../../Engine/Plugins/Animation/ControlRig/Content/Controls/ControlRig_Arrow2_3mm.uexp" 384
"../../../Engine/Plugins/Animation/ControlRig/Content/Controls/ControlRig_Arrow2_1mm.uasset" 385
"../../../Engine/Plugins/Animation/ControlRig/Content/Controls/ControlRig_Arrow2_1mm.uexp" 386
"../../../Engine/Plugins/Animation/ControlRig/Content/Controls/ControlRigXRayMaterial.uasset" 387
"../../../Engine/Plugins/Animation/ControlRig/Content/Controls/ControlRigXRayMaterial.uexp" 388
"../../../Engine/Plugins/Animation/ControlRig/Content/Controls/ControlRigGizmoMaterial.uasset" 389
"../../../Engine/Plugins/Animation/ControlRig/Content/Controls/ControlRigGizmoMaterial.uexp" 390
"../../../Engine/Content/EngineSounds/Master.uasset" 391
"../../../Engine/Content/EngineSounds/Master.uexp" 392
"../../../Engine/Content/EngineMaterials/STBlueNoise_vec2_128x128x64.uasset" 393
"../../../Engine/Content/EngineMaterials/STBlueNoise_vec2_128x128x64.uexp" 394
"../../../Engine/Content/EngineMaterials/STBlueNoise_scalar_128x128x64.uasset" 395
"../../../Engine/Content/EngineMaterials/STBlueNoise_scalar_128x128x64.uexp" 396
"../../../Engine/Content/EngineMaterials/RemoveSurfaceMaterial.uasset" 397
"../../../Engine/Content/EngineMaterials/RemoveSurfaceMaterial.uexp" 398
"../../../Engine/Content/EngineMaterials/PhAT_JointLimitMaterial.uasset" 399
"../../../Engine/Content/EngineMaterials/PhAT_JointLimitMaterial.uexp" 400
"../../../Engine/Content/EngineMaterials/NaniteHiddenSectionMaterial.uasset" 401
"../../../Engine/Content/EngineMaterials/NaniteHiddenSectionMaterial.uexp" 402
"../../../Engine/Content/EngineMaterials/InvalidLightmapSettings.ubulk" 403
"../../../Engine/Content/EngineMaterials/InvalidLightmapSettings.uasset" 404
"../../../Engine/Content/EngineMaterials/InvalidLightmapSettings.uexp" 405
"../../../Engine/Content/EngineMaterials/M_InvalidLightmapSettings.uasset" 406
"../../../Engine/Content/EngineMaterials/M_InvalidLightmapSettings.uexp" 407
"../../../Engine/Content/EngineMaterials/GizmoMaterial.uasset" 408
"../../../Engine/Content/EngineMaterials/GizmoMaterial.uexp" 409
"../../../Engine/Content/EngineMaterials/BaseFlattenEmissiveMap_VT.uasset" 410
"../../../Engine/Content/EngineMaterials/BaseFlattenEmissiveMap_VT.uexp" 411
"../../../Engine/Content/EngineMaterials/BaseFlattenGrayscaleMap_VT.uasset" 412
"../../../Engine/Content/EngineMaterials/BaseFlattenGrayscaleMap_VT.uexp" 413
"../../../Engine/Content/EngineMaterials/BaseFlattenLinearColor_VT.uasset" 414
"../../../Engine/Content/EngineMaterials/BaseFlattenLinearColor_VT.uexp" 415
"../../../Engine/Content/EngineMaterials/Black_1x1_EXR_Texture_VT.uasset" 416
"../../../Engine/Content/EngineMaterials/Black_1x1_EXR_Texture_VT.uexp" 417
"../../../Engine/Content/EngineMaterials/BaseFlattenDiffuseMap_VT.uasset" 418
"../../../Engine/Content/EngineMaterials/BaseFlattenDiffuseMap_VT.uexp" 419
"../../../Engine/Content/EngineMaterials/BaseFlattenNormalMap_VT.uasset" 420
"../../../Engine/Content/EngineMaterials/BaseFlattenNormalMap_VT.uexp" 421
"../../../Engine/Content/EngineMaterials/FlattenMaterial_WS_Normal_VT.uasset" 422
"../../../Engine/Content/EngineMaterials/FlattenMaterial_WS_Normal_VT.uexp" 423
"../../../Engine/Content/EngineMaterials/FlattenMaterial_VT.uasset" 424
"../../../Engine/Content/EngineMaterials/FlattenMaterial_VT.uexp" 425
"../../../Engine/Content/EngineMaterials/BaseFlattenGrayscaleMap.uasset" 426
"../../../Engine/Content/EngineMaterials/BaseFlattenGrayscaleMap.uexp" 427
"../../../Engine/Content/EngineMaterials/BaseFlattenDiffuseMap.uasset" 428
"../../../Engine/Content/EngineMaterials/BaseFlattenDiffuseMap.uexp" 429
"../../../Engine/Content/Functions/Engine_MaterialFunctions02/PivotPainter2/Black_1x1_EXR_Texture.uasset" 430
"../../../Engine/Content/Functions/Engine_MaterialFunctions02/PivotPainter2/Black_1x1_EXR_Texture.uexp" 431
"../../../Engine/Content/EngineMaterials/BaseFlattenEmissiveMap.uasset" 432
"../../../Engine/Content/EngineMaterials/BaseFlattenEmissiveMap.uexp" 433
"../../../Engine/Content/EngineMaterials/BaseFlattenLinearColor.uasset" 434
"../../../Engine/Content/EngineMaterials/BaseFlattenLinearColor.uexp" 435
"../../../Engine/Content/EngineMaterials/FlattenMaterial.uasset" 436
"../../../Engine/Content/EngineMaterials/FlattenMaterial.uexp" 437
"../../../Engine/Content/EngineMaterials/DefaultWhiteGrid_Low.uasset" 438
"../../../Engine/Content/EngineMaterials/DefaultWhiteGrid_Low.uexp" 439
"../../../Engine/Content/EngineMaterials/EmissiveMeshMaterial.uasset" 440
"../../../Engine/Content/EngineMaterials/EmissiveMeshMaterial.uexp" 441
"../../../Engine/Content/EngineFonts/RobotoDistanceField.uasset" 442
"../../../Engine/Content/EngineFonts/RobotoDistanceField.uexp" 443
"../../../Engine/Content/EngineMaterials/DefaultTextMaterialOpaque.uasset" 444
"../../../Engine/Content/EngineMaterials/DefaultTextMaterialOpaque.uexp" 445
"../../../Engine/Content/EngineMaterials/DefaultDiffuse.ubulk" 446
"../../../Engine/Content/EngineMaterials/DefaultDiffuse.uasset" 447
"../../../Engine/Content/EngineMaterials/DefaultDiffuse.uexp" 448
"../../../Engine/Content/Functions/Engine_MaterialFunctions02/Utility/BreakOutFloat2Components.uasset" 449
"../../../Engine/Content/Functions/Engine_MaterialFunctions02/Utility/BreakOutFloat2Components.uexp" 450
"../../../Engine/Content/EngineMaterials/DefaultPostProcessMaterial.uasset" 451
"../../../Engine/Content/EngineMaterials/DefaultPostProcessMaterial.uexp" 452
"../../../Engine/Content/EngineMaterials/DefaultPhysicalMaterial.uasset" 453
"../../../Engine/Content/EngineMaterials/DefaultPhysicalMaterial.uexp" 454
"../../../Engine/Content/EngineMaterials/DefaultLightFunctionMaterial.uasset" 455
"../../../Engine/Content/EngineMaterials/DefaultLightFunctionMaterial.uexp" 456
"../../../Engine/Content/EngineMaterials/DefaultDestructiblePhysicalMaterial.uasset" 457
"../../../Engine/Content/EngineMaterials/DefaultDestructiblePhysicalMaterial.uexp" 458
"../../../Engine/Content/EngineMaterials/DefaultDeferredDecalMaterial.uasset" 459
"../../../Engine/Content/EngineMaterials/DefaultDeferredDecalMaterial.uexp" 460
"../../../Engine/Content/EngineMaterials/DefaultBloomKernel.uasset" 461
"../../../Engine/Content/EngineMaterials/DefaultBloomKernel.uexp" 462
"../../../Engine/Content/EngineFonts/Faces/RobotoLight.uexp" 463
"../../../Engine/Content/EngineFonts/Faces/RobotoLight.uasset" 464
"../../../Engine/Content/EngineFonts/Faces/RobotoLight.ufont" 465
"../../../Engine/Content/EngineFonts/Faces/RobotoBold.uexp" 466
"../../../Engine/Content/EngineFonts/Faces/RobotoBold.uasset" 467
"../../../Engine/Content/EngineFonts/Faces/RobotoBold.ufont" 468
"../../../Engine/Content/EngineFonts/Faces/RobotoRegular.uexp" 469
"../../../Engine/Content/EngineFonts/Faces/RobotoRegular.uasset" 470
"../../../Engine/Content/EngineFonts/Faces/RobotoRegular.ufont" 471
"../../../Engine/Content/EngineFonts/Faces/DroidSansFallback.uexp" 472
"../../../Engine/Content/EngineFonts/Faces/DroidSansFallback.uasset" 473
"../../../Engine/Content/EngineFonts/Faces/DroidSansFallback.ufont" 474
"../../../Engine/Content/EngineFonts/Faces/RobotoItalic.uexp" 475
"../../../Engine/Content/EngineFonts/Faces/RobotoItalic.uasset" 476
"../../../Engine/Content/EngineFonts/Faces/RobotoItalic.ufont" 477
"../../../Engine/Content/EngineFonts/Faces/RobotoBoldItalic.uexp" 478
"../../../Engine/Content/EngineFonts/Faces/RobotoBoldItalic.uasset" 479
"../../../Engine/Content/EngineFonts/Faces/RobotoBoldItalic.ufont" 480
"../../../Engine/Content/EngineFonts/Roboto.uasset" 481
"../../../Engine/Content/EngineFonts/Roboto.uexp" 482
"../../../Engine/Content/Functions/Engine_MaterialFunctions02/Utility/CameraDirectionVector.uasset" 483
"../../../Engine/Content/Functions/Engine_MaterialFunctions02/Utility/CameraDirectionVector.uexp" 484
"../../../Engine/Content/EngineDebugMaterials/VolumeToRender.uasset" 485
"../../../Engine/Content/EngineDebugMaterials/VolumeToRender.uexp" 486
"../../../Engine/Content/EngineDebugMaterials/M_VolumeRenderSphereTracePP.uasset" 487
"../../../Engine/Content/EngineDebugMaterials/M_VolumeRenderSphereTracePP.uexp" 488
"../../../Engine/Content/EngineDebugMaterials/M_SimpleUnlitTranslucent.uasset" 489
"../../../Engine/Content/EngineDebugMaterials/M_SimpleUnlitTranslucent.uexp" 490
"../../../Engine/Content/EngineDebugMaterials/DebugMeshMaterial.uasset" 491
"../../../Engine/Content/EngineDebugMaterials/DebugMeshMaterial.uexp" 492
"../../../Engine/Content/EngineDebugMaterials/DebugEditorMaterial.uasset" 493
"../../../Engine/Content/EngineDebugMaterials/DebugEditorMaterial.uexp" 494
"../../../Engine/Content/EngineDamageTypes/DmgTypeBP_Environmental.uasset" 495
"../../../Engine/Content/EngineDamageTypes/DmgTypeBP_Environmental.uexp" 496
"../../../Engine/Content/EditorResources/EmptyActor.uasset" 497
"../../../Engine/Content/EditorResources/EmptyActor.uexp" 498
"../../../Engine/Content/EditorResources/BSPVertex.uasset" 499
"../../../Engine/Content/EditorResources/BSPVertex.uexp" 500
"../../../Engine/Content/EditorMaterials/PreviewShadowIndicator.ubulk" 501
"../../../Engine/Content/EditorMaterials/PreviewShadowIndicator.uasset" 502
"../../../Engine/Content/EditorMaterials/PreviewShadowIndicator.uexp" 503
"../../../Engine/Content/EditorMaterials/PreviewShadowIndicatorMaterial.uasset" 504
"../../../Engine/Content/EditorMaterials/PreviewShadowIndicatorMaterial.uexp" 505
"../../../Engine/Content/EditorMaterials/PhAT_UnselectedMaterial.uasset" 506
"../../../Engine/Content/EditorMaterials/PhAT_UnselectedMaterial.uexp" 507
"../../../Engine/Content/EditorMaterials/PhAT_NoCollisionMaterial.uasset" 508
"../../../Engine/Content/EditorMaterials/PhAT_NoCollisionMaterial.uexp" 509
"../../../Engine/Content/EditorLandscapeResources/DefaultAlphaTexture.uasset" 510
"../../../Engine/Content/EditorLandscapeResources/DefaultAlphaTexture.uexp" 511
"../../../Engine/Content/EditorLandscapeResources/DataLayer.uasset" 512
"../../../Engine/Content/EditorLandscapeResources/DataLayer.uexp" 513
"../../../Engine/Content/EngineMaterials/DefaultMaterial.uasset" 514
"../../../Engine/Content/EngineMaterials/DefaultMaterial.uexp" 515
"../../../Engine/Content/BasicShapes/Cone.uasset" 516
"../../../Engine/Content/BasicShapes/Cone.uexp" 517
"C:/Users/lthon/OneDrive/Documents/WC_Teach/Sep2-3_2023/VRTutorial/Content/VRTemplate/Input/Actions/Hands/IA_Hand_Point_Left.uasset" 518
"C:/Users/lthon/OneDrive/Documents/WC_Teach/Sep2-3_2023/VRTutorial/Content/VRTemplate/Input/Actions/Hands/IA_Hand_Point_Left.uexp" 519
"C:/Users/lthon/OneDrive/Documents/WC_Teach/Sep2-3_2023/VRTutorial/Content/VRTemplate/Input/Actions/Hands/IA_Hand_ThumbUp_Left.uasset" 520
"C:/Users/lthon/OneDrive/Documents/WC_Teach/Sep2-3_2023/VRTutorial/Content/VRTemplate/Input/Actions/Hands/IA_Hand_ThumbUp_Left.uexp" 521
"C:/Users/lthon/OneDrive/Documents/WC_Teach/Sep2-3_2023/VRTutorial/Content/VRTemplate/Input/Actions/Hands/IA_Hand_IndexCurl_Right.uasset" 522
"C:/Users/lthon/OneDrive/Documents/WC_Teach/Sep2-3_2023/VRTutorial/Content/VRTemplate/Input/Actions/Hands/IA_Hand_IndexCurl_Right.uexp" 523
"C:/Users/lthon/OneDrive/Documents/WC_Teach/Sep2-3_2023/VRTutorial/Content/VRTemplate/Input/Actions/Hands/IA_Hand_Point_Right.uasset" 524
"C:/Users/lthon/OneDrive/Documents/WC_Teach/Sep2-3_2023/VRTutorial/Content/VRTemplate/Input/Actions/Hands/IA_Hand_Point_Right.uexp" 525
"C:/Users/lthon/OneDrive/Documents/WC_Teach/Sep2-3_2023/VRTutorial/Content/VRTemplate/Input/Actions/Hands/IA_Hand_Grasp_Right.uasset" 526
"C:/Users/lthon/OneDrive/Documents/WC_Teach/Sep2-3_2023/VRTutorial/Content/VRTemplate/Input/Actions/Hands/IA_Hand_Grasp_Right.uexp" 527
"C:/Users/lthon/OneDrive/Documents/WC_Teach/Sep2-3_2023/VRTutorial/Content/VRTemplate/Input/Actions/Hands/IA_Hand_Grasp_Left.uasset" 528
"C:/Users/lthon/OneDrive/Documents/WC_Teach/Sep2-3_2023/VRTutorial/Content/VRTemplate/Input/Actions/Hands/IA_Hand_Grasp_Left.uexp" 529
"C:/Users/lthon/OneDrive/Documents/WC_Teach/Sep2-3_2023/VRTutorial/Content/VRTemplate/Input/Actions/Hands/IA_Hand_IndexCurl_Left.uasset" 530
"C:/Users/lthon/OneDrive/Documents/WC_Teach/Sep2-3_2023/VRTutorial/Content/VRTemplate/Input/Actions/Hands/IA_Hand_IndexCurl_Left.uexp" 531
"C:/Users/lthon/OneDrive/Documents/WC_Teach/Sep2-3_2023/VRTutorial/Content/VRTemplate/Input/Actions/Hands/IA_Hand_ThumbUp_Right.uasset" 532
"C:/Users/lthon/OneDrive/Documents/WC_Teach/Sep2-3_2023/VRTutorial/Content/VRTemplate/Input/Actions/Hands/IA_Hand_ThumbUp_Right.uexp" 533
"C:/Users/lthon/OneDrive/Documents/WC_Teach/Sep2-3_2023/VRTutorial/Content/VRTemplate/Input/IMC_Hands.uasset" 534
"C:/Users/lthon/OneDrive/Documents/WC_Teach/Sep2-3_2023/VRTutorial/Content/VRTemplate/Input/IMC_Hands.uexp" 535
"C:/Users/lthon/OneDrive/Documents/WC_Teach/Sep2-3_2023/VRTutorial/Content/VRTemplate/Input/Actions/IA_Menu_Toggle_Left.uasset" 536
"C:/Users/lthon/OneDrive/Documents/WC_Teach/Sep2-3_2023/VRTutorial/Content/VRTemplate/Input/Actions/IA_Menu_Toggle_Left.uexp" 537
"C:/Users/lthon/OneDrive/Documents/WC_Teach/Sep2-3_2023/VRTutorial/Content/VRTemplate/Input/B_InputModifier_XAxisPositiveOnly.uasset" 538
"C:/Users/lthon/OneDrive/Documents/WC_Teach/Sep2-3_2023/VRTutorial/Content/VRTemplate/Input/B_InputModifier_XAxisPositiveOnly.uexp" 539
"C:/Users/lthon/OneDrive/Documents/WC_Teach/Sep2-3_2023/VRTutorial/Content/VRTemplate/Input/Actions/IA_Move.uasset" 540
"C:/Users/lthon/OneDrive/Documents/WC_Teach/Sep2-3_2023/VRTutorial/Content/VRTemplate/Input/Actions/IA_Move.uexp" 541
"C:/Users/lthon/OneDrive/Documents/WC_Teach/Sep2-3_2023/VRTutorial/Content/VRTemplate/Input/Actions/IA_Turn.uasset" 542
"C:/Users/lthon/OneDrive/Documents/WC_Teach/Sep2-3_2023/VRTutorial/Content/VRTemplate/Input/Actions/IA_Turn.uexp" 543
"C:/Users/lthon/OneDrive/Documents/WC_Teach/Sep2-3_2023/VRTutorial/Content/VRTemplate/Input/Actions/IA_Menu_Toggle_Right.uasset" 544
"C:/Users/lthon/OneDrive/Documents/WC_Teach/Sep2-3_2023/VRTutorial/Content/VRTemplate/Input/Actions/IA_Menu_Toggle_Right.uexp" 545
"C:/Users/lthon/OneDrive/Documents/WC_Teach/Sep2-3_2023/VRTutorial/Content/VRTemplate/Input/Actions/IA_Grab_Left.uasset" 546
"C:/Users/lthon/OneDrive/Documents/WC_Teach/Sep2-3_2023/VRTutorial/Content/VRTemplate/Input/Actions/IA_Grab_Left.uexp" 547
"C:/Users/lthon/OneDrive/Documents/WC_Teach/Sep2-3_2023/VRTutorial/Content/VRTemplate/Input/Actions/IA_Grab_Right.uasset" 548
"C:/Users/lthon/OneDrive/Documents/WC_Teach/Sep2-3_2023/VRTutorial/Content/VRTemplate/Input/Actions/IA_Grab_Right.uexp" 549
"C:/Users/lthon/OneDrive/Documents/WC_Teach/Sep2-3_2023/VRTutorial/Content/VRTemplate/Input/IMC_Default.uasset" 550
"C:/Users/lthon/OneDrive/Documents/WC_Teach/Sep2-3_2023/VRTutorial/Content/VRTemplate/Input/IMC_Default.uexp" 551
"C:/Users/lthon/OneDrive/Documents/WC_Teach/Sep2-3_2023/VRTutorial/Content/VRTemplate/Input/Actions/IA_Shoot_Left.uasset" 552
"C:/Users/lthon/OneDrive/Documents/WC_Teach/Sep2-3_2023/VRTutorial/Content/VRTemplate/Input/Actions/IA_Shoot_Left.uexp" 553
"C:/Users/lthon/OneDrive/Documents/WC_Teach/Sep2-3_2023/VRTutorial/Content/VRTemplate/Input/IMC_Weapon_Left.uasset" 554
"C:/Users/lthon/OneDrive/Documents/WC_Teach/Sep2-3_2023/VRTutorial/Content/VRTemplate/Input/IMC_Weapon_Left.uexp" 555
"C:/Users/lthon/OneDrive/Documents/WC_Teach/Sep2-3_2023/VRTutorial/Content/VRTemplate/Input/Actions/IA_Shoot_Right.uasset" 556
"C:/Users/lthon/OneDrive/Documents/WC_Teach/Sep2-3_2023/VRTutorial/Content/VRTemplate/Input/Actions/IA_Shoot_Right.uexp" 557
"C:/Users/lthon/OneDrive/Documents/WC_Teach/Sep2-3_2023/VRTutorial/Content/VRTemplate/Input/IMC_Weapon_Right.uasset" 558
"C:/Users/lthon/OneDrive/Documents/WC_Teach/Sep2-3_2023/VRTutorial/Content/VRTemplate/Input/IMC_Weapon_Right.uexp" 559
"C:/Users/lthon/OneDrive/Documents/WC_Teach/Sep2-3_2023/VRTutorial/Content/VRTemplate/Input/Actions/IA_Menu_Cursor_Left.uasset" 560
"C:/Users/lthon/OneDrive/Documents/WC_Teach/Sep2-3_2023/VRTutorial/Content/VRTemplate/Input/Actions/IA_Menu_Cursor_Left.uexp" 561
"C:/Users/lthon/OneDrive/Documents/WC_Teach/Sep2-3_2023/VRTutorial/Content/VRTemplate/Input/Actions/IA_Menu_Cursor_Right.uasset" 562
"C:/Users/lthon/OneDrive/Documents/WC_Teach/Sep2-3_2023/VRTutorial/Content/VRTemplate/Input/Actions/IA_Menu_Cursor_Right.uexp" 563
"C:/Users/lthon/OneDrive/Documents/WC_Teach/Sep2-3_2023/VRTutorial/Content/VRTemplate/Input/Actions/IA_Menu_Interact_Right.uasset" 564
"C:/Users/lthon/OneDrive/Documents/WC_Teach/Sep2-3_2023/VRTutorial/Content/VRTemplate/Input/Actions/IA_Menu_Interact_Right.uexp" 565
"C:/Users/lthon/OneDrive/Documents/WC_Teach/Sep2-3_2023/VRTutorial/Content/VRTemplate/Input/Actions/IA_Menu_Interact_Left.uasset" 566
"C:/Users/lthon/OneDrive/Documents/WC_Teach/Sep2-3_2023/VRTutorial/Content/VRTemplate/Input/Actions/IA_Menu_Interact_Left.uexp" 567
"C:/Users/lthon/OneDrive/Documents/WC_Teach/Sep2-3_2023/VRTutorial/Content/VRTemplate/Input/IMC_Menu.uasset" 568
"C:/Users/lthon/OneDrive/Documents/WC_Teach/Sep2-3_2023/VRTutorial/Content/VRTemplate/Input/IMC_Menu.uexp" 569
"C:/Users/lthon/OneDrive/Documents/WC_Teach/Sep2-3_2023/VRTutorial/Content/VRTemplate/Input/PMI_VRTemplate.uasset" 570
"C:/Users/lthon/OneDrive/Documents/WC_Teach/Sep2-3_2023/VRTutorial/Content/VRTemplate/Input/PMI_VRTemplate.uexp" 571
"C:/Users/lthon/OneDrive/Documents/WC_Teach/Sep2-3_2023/VRTutorial/Content/VRTemplate/Haptics/GrabHapticEffect.uasset" 572
"C:/Users/lthon/OneDrive/Documents/WC_Teach/Sep2-3_2023/VRTutorial/Content/VRTemplate/Haptics/GrabHapticEffect.uexp" 573
"C:/Users/lthon/OneDrive/Documents/WC_Teach/Sep2-3_2023/VRTutorial/Content/VRTemplate/Blueprints/GrabType.uasset" 574
"C:/Users/lthon/OneDrive/Documents/WC_Teach/Sep2-3_2023/VRTutorial/Content/VRTemplate/Blueprints/GrabType.uexp" 575
"C:/Users/lthon/OneDrive/Documents/WC_Teach/Sep2-3_2023/VRTutorial/Content/VRTemplate/Blueprints/GrabComponent.uasset" 576
"C:/Users/lthon/OneDrive/Documents/WC_Teach/Sep2-3_2023/VRTutorial/Content/VRTemplate/Blueprints/GrabComponent.uexp" 577
"../../../Engine/Plugins/FX/Niagara/Content/Enums/ENiagara_MassInitializationMode.uasset" 578
"../../../Engine/Plugins/FX/Niagara/Content/Enums/ENiagara_MassInitializationMode.uexp" 579
"../../../Engine/Plugins/FX/Niagara/Content/Enums/ENiagaraRandomnessMode.uasset" 580
"../../../Engine/Plugins/FX/Niagara/Content/Enums/ENiagaraRandomnessMode.uexp" 581
"../../../Engine/Plugins/FX/Niagara/Content/Enums/ENiagaraRandomnessEvaluation.uasset" 582
"../../../Engine/Plugins/FX/Niagara/Content/Enums/ENiagaraRandomnessEvaluation.uexp" 583
"../../../Engine/Plugins/FX/Niagara/Content/Enums/ENiagaraArraySamplingMode.uasset" 584
"../../../Engine/Plugins/FX/Niagara/Content/Enums/ENiagaraArraySamplingMode.uexp" 585
"../../../Engine/Plugins/FX/Niagara/Content/Enums/ENiagara_WrapClamp.uasset" 586
"../../../Engine/Plugins/FX/Niagara/Content/Enums/ENiagara_WrapClamp.uexp" 587
"../../../Engine/Plugins/FX/Niagara/Content/Enums/ENiagara_PositionInitializationMode.uasset" 588
"../../../Engine/Plugins/FX/Niagara/Content/Enums/ENiagara_PositionInitializationMode.uexp" 589
"../../../Engine/Plugins/FX/Niagara/Content/Enums/ENiagara_LifetimeMode.uasset" 590
"../../../Engine/Plugins/FX/Niagara/Content/Enums/ENiagara_LifetimeMode.uexp" 591
"../../../Engine/Plugins/FX/Niagara/Content/Enums/ENiagaraEmitterLifeCycleMode.uasset" 592
"../../../Engine/Plugins/FX/Niagara/Content/Enums/ENiagaraEmitterLifeCycleMode.uexp" 593
"../../../Engine/Plugins/FX/Niagara/Content/Enums/ENiagara_InfiniteLoopDuration.uasset" 594
"../../../Engine/Plugins/FX/Niagara/Content/Enums/ENiagara_InfiniteLoopDuration.uexp" 595
"../../../Engine/Plugins/FX/Niagara/Content/Enums/ENiagara_EmitterStateOptions.uasset" 596
"../../../Engine/Plugins/FX/Niagara/Content/Enums/ENiagara_EmitterStateOptions.uexp" 597
"../../../Engine/Plugins/FX/Niagara/Content/Enums/ENiagaraInactiveMode.uasset" 598
"../../../Engine/Plugins/FX/Niagara/Content/Enums/ENiagaraInactiveMode.uexp" 599
"../../../Engine/Plugins/FX/Niagara/Content/Enums/ENiagaraExecutionStateManagement.uasset" 600
"../../../Engine/Plugins/FX/Niagara/Content/Enums/ENiagaraExecutionStateManagement.uexp" 601
"../../../Engine/Plugins/FX/Niagara/Content/Enums/ENiagaraEmitterScalabilityMode_Limited.uasset" 602
"../../../Engine/Plugins/FX/Niagara/Content/Enums/ENiagaraEmitterScalabilityMode_Limited.uexp" 603
"../../../Engine/Plugins/FX/Niagara/Content/Enums/Ribbons/ENiagara_UnsetDirectSet.uasset" 604
"../../../Engine/Plugins/FX/Niagara/Content/Enums/Ribbons/ENiagara_UnsetDirectSet.uexp" 605
"../../../Engine/Plugins/FX/Niagara/Content/Enums/ENiagara_ColorInitializationMode.uasset" 606
"../../../Engine/Plugins/FX/Niagara/Content/Enums/ENiagara_ColorInitializationMode.uexp" 607
"../../../Engine/Plugins/FX/Niagara/Content/Enums/ENiagaraChannelCorrelation.uasset" 608
"../../../Engine/Plugins/FX/Niagara/Content/Enums/ENiagaraChannelCorrelation.uexp" 609
"../../../Engine/Plugins/FX/Niagara/Content/Enums/ENiagaraSystemInactiveMode.uasset" 610
"../../../Engine/Plugins/FX/Niagara/Content/Enums/ENiagaraSystemInactiveMode.uexp" 611
"C:/Users/lthon/OneDrive/Documents/WC_Teach/Sep2-3_2023/VRTutorial/Content/VRTemplate/VFX/NPC_VRTemplate.uasset" 612
"C:/Users/lthon/OneDrive/Documents/WC_Teach/Sep2-3_2023/VRTutorial/Content/VRTemplate/VFX/NPC_VRTemplate.uexp" 613
"../../../Engine/Content/EngineMaterials/Good64x64TilingNoiseHighFreq.uasset" 614
"../../../Engine/Content/EngineMaterials/Good64x64TilingNoiseHighFreq.uexp" 615
"../../../Engine/Content/Functions/Engine_MaterialFunctions02/Utility/DepthFromWorldPosition.uasset" 616
"../../../Engine/Content/Functions/Engine_MaterialFunctions02/Utility/DepthFromWorldPosition.uexp" 617
"C:/Users/lthon/OneDrive/Documents/WC_Teach/Sep2-3_2023/VRTutorial/Content/VRTemplate/Materials/Functions/MF_OccludedPixels.uasset" 618
"C:/Users/lthon/OneDrive/Documents/WC_Teach/Sep2-3_2023/VRTutorial/Content/VRTemplate/Materials/Functions/MF_OccludedPixels.uexp" 619
"C:/Users/lthon/OneDrive/Documents/WC_Teach/Sep2-3_2023/VRTutorial/Content/VRTemplate/Materials/M_TeleportNoise.uasset" 620
"C:/Users/lthon/OneDrive/Documents/WC_Teach/Sep2-3_2023/VRTutorial/Content/VRTemplate/Materials/M_TeleportNoise.uexp" 621
"../../../Engine/Plugins/FX/Niagara/Content/Icons/Modules/T_Icon_Particle_InfiniteLife.uasset" 622
"../../../Engine/Plugins/FX/Niagara/Content/Icons/Modules/T_Icon_Particle_InfiniteLife.uexp" 623
"C:/Users/lthon/OneDrive/Documents/WC_Teach/Sep2-3_2023/VRTutorial/Content/VRTemplate/VFX/NS_PlayAreaBounds.uasset" 624
"C:/Users/lthon/OneDrive/Documents/WC_Teach/Sep2-3_2023/VRTutorial/Content/VRTemplate/VFX/NS_PlayAreaBounds.uexp" 625
"../../../Engine/Content/BasicShapes/Cylinder.uasset" 626
"../../../Engine/Content/BasicShapes/Cylinder.uexp" 627
"../../../Engine/Plugins/FX/Niagara/Content/Enums/ENiagaraTorusDistributionMode.uasset" 628
"../../../Engine/Plugins/FX/Niagara/Content/Enums/ENiagaraTorusDistributionMode.uexp" 629
"../../../Engine/Plugins/FX/Niagara/Content/Enums/ENiagaraTorusMode.uasset" 630
"../../../Engine/Plugins/FX/Niagara/Content/Enums/ENiagaraTorusMode.uexp" 631
"../../../Engine/Plugins/FX/Niagara/Content/Enums/ENiagara_SizeScaleMode.uasset" 632
"../../../Engine/Plugins/FX/Niagara/Content/Enums/ENiagara_SizeScaleMode.uexp" 633
"../../../Engine/Plugins/FX/Niagara/Content/Enums/ENiagara_UVFlippingMode.uasset" 634
"../../../Engine/Plugins/FX/Niagara/Content/Enums/ENiagara_UVFlippingMode.uexp" 635
"../../../Engine/Plugins/FX/Niagara/Content/Enums/Ribbons/ENiagara_UnsetDirectSetRandom.uasset" 636
"../../../Engine/Plugins/FX/Niagara/Content/Enums/Ribbons/ENiagara_UnsetDirectSetRandom.uexp" 637
"../../../Engine/Plugins/FX/Niagara/Content/Enums/ENiagara_SpriteRotationMode.uasset" 638
"../../../Engine/Plugins/FX/Niagara/Content/Enums/ENiagara_SpriteRotationMode.uexp" 639
"C:/Users/lthon/OneDrive/Documents/WC_Teach/Sep2-3_2023/VRTutorial/Content/VRTemplate/Materials/M_TeleportCylinder.uasset" 640
"C:/Users/lthon/OneDrive/Documents/WC_Teach/Sep2-3_2023/VRTutorial/Content/VRTemplate/Materials/M_TeleportCylinder.uexp" 641
"../../../Engine/Plugins/FX/Niagara/Content/Enums/ENiagaraVector4_Channels.uasset" 642
"../../../Engine/Plugins/FX/Niagara/Content/Enums/ENiagaraVector4_Channels.uexp" 643
"C:/Users/lthon/OneDrive/Documents/WC_Teach/Sep2-3_2023/VRTutorial/Content/VRTemplate/VFX/NS_TeleportRing.uasset" 644
"C:/Users/lthon/OneDrive/Documents/WC_Teach/Sep2-3_2023/VRTutorial/Content/VRTemplate/VFX/NS_TeleportRing.uexp" 645
"C:/Users/lthon/OneDrive/Documents/WC_Teach/Sep2-3_2023/VRTutorial/Content/VRTemplate/Blueprints/VRTeleportVisualizer.uasset" 646
"C:/Users/lthon/OneDrive/Documents/WC_Teach/Sep2-3_2023/VRTutorial/Content/VRTemplate/Blueprints/VRTeleportVisualizer.uexp" 647
"C:/Users/lthon/OneDrive/Documents/WC_Teach/Sep2-3_2023/VRTutorial/Content/Characters/MannequinsXR/Textures/Manny/T_Manny_02_MSR_MSK.ubulk" 648
"C:/Users/lthon/OneDrive/Documents/WC_Teach/Sep2-3_2023/VRTutorial/Content/Characters/MannequinsXR/Textures/Manny/T_Manny_02_MSR_MSK.uasset" 649
"C:/Users/lthon/OneDrive/Documents/WC_Teach/Sep2-3_2023/VRTutorial/Content/Characters/MannequinsXR/Textures/Manny/T_Manny_02_MSR_MSK.uexp" 650
"C:/Users/lthon/OneDrive/Documents/WC_Teach/Sep2-3_2023/VRTutorial/Content/Characters/MannequinsXR/Textures/Manny/T_Manny_02_N.ubulk" 651
"C:/Users/lthon/OneDrive/Documents/WC_Teach/Sep2-3_2023/VRTutorial/Content/Characters/MannequinsXR/Textures/Manny/T_Manny_02_N.uasset" 652
"C:/Users/lthon/OneDrive/Documents/WC_Teach/Sep2-3_2023/VRTutorial/Content/Characters/MannequinsXR/Textures/Manny/T_Manny_02_N.uexp" 653
"C:/Users/lthon/OneDrive/Documents/WC_Teach/Sep2-3_2023/VRTutorial/Content/Characters/MannequinsXR/Textures/Manny/T_Manny_02_Tan.ubulk" 654
"C:/Users/lthon/OneDrive/Documents/WC_Teach/Sep2-3_2023/VRTutorial/Content/Characters/MannequinsXR/Textures/Manny/T_Manny_02_Tan.uasset" 655
"C:/Users/lthon/OneDrive/Documents/WC_Teach/Sep2-3_2023/VRTutorial/Content/Characters/MannequinsXR/Textures/Manny/T_Manny_02_Tan.uexp" 656
"C:/Users/lthon/OneDrive/Documents/WC_Teach/Sep2-3_2023/VRTutorial/Content/Characters/MannequinsXR/Textures/Manny/T_Manny_01_BN.ubulk" 657
"C:/Users/lthon/OneDrive/Documents/WC_Teach/Sep2-3_2023/VRTutorial/Content/Characters/MannequinsXR/Textures/Manny/T_Manny_01_BN.uasset" 658
"C:/Users/lthon/OneDrive/Documents/WC_Teach/Sep2-3_2023/VRTutorial/Content/Characters/MannequinsXR/Textures/Manny/T_Manny_01_BN.uexp" 659
"C:/Users/lthon/OneDrive/Documents/WC_Teach/Sep2-3_2023/VRTutorial/Content/Characters/MannequinsXR/Textures/Manny/T_Manny_01_ASAOPMASK_MSK.ubulk" 660
"C:/Users/lthon/OneDrive/Documents/WC_Teach/Sep2-3_2023/VRTutorial/Content/Characters/MannequinsXR/Textures/Manny/T_Manny_01_ASAOPMASK_MSK.uasset" 661
"C:/Users/lthon/OneDrive/Documents/WC_Teach/Sep2-3_2023/VRTutorial/Content/Characters/MannequinsXR/Textures/Manny/T_Manny_01_ASAOPMASK_MSK.uexp" 662
"C:/Users/lthon/OneDrive/Documents/WC_Teach/Sep2-3_2023/VRTutorial/Content/Characters/MannequinsXR/Textures/Manny/T_Manny_01_D.ubulk" 663
"C:/Users/lthon/OneDrive/Documents/WC_Teach/Sep2-3_2023/VRTutorial/Content/Characters/MannequinsXR/Textures/Manny/T_Manny_01_D.uasset" 664
"C:/Users/lthon/OneDrive/Documents/WC_Teach/Sep2-3_2023/VRTutorial/Content/Characters/MannequinsXR/Textures/Manny/T_Manny_01_D.uexp" 665
"C:/Users/lthon/OneDrive/Documents/WC_Teach/Sep2-3_2023/VRTutorial/Content/Characters/MannequinsXR/Textures/Manny/T_Manny_01_Tan.ubulk" 666
"C:/Users/lthon/OneDrive/Documents/WC_Teach/Sep2-3_2023/VRTutorial/Content/Characters/MannequinsXR/Textures/Manny/T_Manny_01_Tan.uasset" 667
"C:/Users/lthon/OneDrive/Documents/WC_Teach/Sep2-3_2023/VRTutorial/Content/Characters/MannequinsXR/Textures/Manny/T_Manny_01_Tan.uexp" 668
"C:/Users/lthon/OneDrive/Documents/WC_Teach/Sep2-3_2023/VRTutorial/Content/Characters/MannequinsXR/Textures/Manny/T_Manny_01_N.ubulk" 669
"C:/Users/lthon/OneDrive/Documents/WC_Teach/Sep2-3_2023/VRTutorial/Content/Characters/MannequinsXR/Textures/Manny/T_Manny_01_N.uasset" 670
"C:/Users/lthon/OneDrive/Documents/WC_Teach/Sep2-3_2023/VRTutorial/Content/Characters/MannequinsXR/Textures/Manny/T_Manny_01_N.uexp" 671
"C:/Users/lthon/OneDrive/Documents/WC_Teach/Sep2-3_2023/VRTutorial/Content/Characters/MannequinsXR/Textures/Manny/T_Manny_01_MSR_MSK.ubulk" 672
"C:/Users/lthon/OneDrive/Documents/WC_Teach/Sep2-3_2023/VRTutorial/Content/Characters/MannequinsXR/Textures/Manny/T_Manny_01_MSR_MSK.uasset" 673
"C:/Users/lthon/OneDrive/Documents/WC_Teach/Sep2-3_2023/VRTutorial/Content/Characters/MannequinsXR/Textures/Manny/T_Manny_01_MSR_MSK.uexp" 674
"C:/Users/lthon/OneDrive/Documents/WC_Teach/Sep2-3_2023/VRTutorial/Content/Characters/MannequinsXR/Textures/Manny/T_Manny_01_CCRCCPlastic_MSK.ubulk" 675
"C:/Users/lthon/OneDrive/Documents/WC_Teach/Sep2-3_2023/VRTutorial/Content/Characters/MannequinsXR/Textures/Manny/T_Manny_01_CCRCCPlastic_MSK.uasset" 676
"C:/Users/lthon/OneDrive/Documents/WC_Teach/Sep2-3_2023/VRTutorial/Content/Characters/MannequinsXR/Textures/Manny/T_Manny_01_CCRCCPlastic_MSK.uexp" 677
"C:/Users/lthon/OneDrive/Documents/WC_Teach/Sep2-3_2023/VRTutorial/Content/Characters/MannequinsXR/Materials/Functions/ML_BaseColorFallOff.uasset" 678
"C:/Users/lthon/OneDrive/Documents/WC_Teach/Sep2-3_2023/VRTutorial/Content/Characters/MannequinsXR/Materials/Functions/ML_BaseColorFallOff.uexp" 679
"C:/Users/lthon/OneDrive/Documents/WC_Teach/Sep2-3_2023/VRTutorial/Content/Characters/MannequinsXR/Materials/Functions/ChromaticCurve.uasset" 680
"C:/Users/lthon/OneDrive/Documents/WC_Teach/Sep2-3_2023/VRTutorial/Content/Characters/MannequinsXR/Materials/Functions/ChromaticCurve.uexp" 681
"C:/Users/lthon/OneDrive/Documents/WC_Teach/Sep2-3_2023/VRTutorial/Content/Characters/MannequinsXR/Materials/Functions/CA_Mannequin.uasset" 682
"C:/Users/lthon/OneDrive/Documents/WC_Teach/Sep2-3_2023/VRTutorial/Content/Characters/MannequinsXR/Materials/Functions/CA_Mannequin.uexp" 683
"C:/Users/lthon/OneDrive/Documents/WC_Teach/Sep2-3_2023/VRTutorial/Content/Characters/MannequinsXR/Materials/Functions/MF_Diffraction.uasset" 684
"C:/Users/lthon/OneDrive/Documents/WC_Teach/Sep2-3_2023/VRTutorial/Content/Characters/MannequinsXR/Materials/Functions/MF_Diffraction.uexp" 685
"C:/Users/lthon/OneDrive/Documents/WC_Teach/Sep2-3_2023/VRTutorial/Content/Characters/MannequinsXR/Textures/Shared/T_UE_Logo_M.uasset" 686
"C:/Users/lthon/OneDrive/Documents/WC_Teach/Sep2-3_2023/VRTutorial/Content/Characters/MannequinsXR/Textures/Shared/T_UE_Logo_M.uexp" 687
"../../../Engine/Content/Functions/Engine_MaterialFunctions01/Texturing/ScaleUVsByCenter.uasset" 688
"../../../Engine/Content/Functions/Engine_MaterialFunctions01/Texturing/ScaleUVsByCenter.uexp" 689
"C:/Users/lthon/OneDrive/Documents/WC_Teach/Sep2-3_2023/VRTutorial/Content/Characters/MannequinsXR/Materials/Functions/MF_logo3layers.uasset" 690
"C:/Users/lthon/OneDrive/Documents/WC_Teach/Sep2-3_2023/VRTutorial/Content/Characters/MannequinsXR/Materials/Functions/MF_logo3layers.uexp" 691
"C:/Users/lthon/OneDrive/Documents/WC_Teach/Sep2-3_2023/VRTutorial/Content/Characters/MannequinsXR/Materials/M_Mannequin.uasset" 692
"C:/Users/lthon/OneDrive/Documents/WC_Teach/Sep2-3_2023/VRTutorial/Content/Characters/MannequinsXR/Materials/M_Mannequin.uexp" 693
"C:/Users/lthon/OneDrive/Documents/WC_Teach/Sep2-3_2023/VRTutorial/Content/Characters/MannequinsXR/Materials/Instances/Manny/MI_Manny_01.uasset" 694
"C:/Users/lthon/OneDrive/Documents/WC_Teach/Sep2-3_2023/VRTutorial/Content/Characters/MannequinsXR/Materials/Instances/Manny/MI_Manny_01.uexp" 695
"C:/Users/lthon/OneDrive/Documents/WC_Teach/Sep2-3_2023/VRTutorial/Content/Characters/MannequinsXR/Textures/Manny/T_Manny_02_D.ubulk" 696
"C:/Users/lthon/OneDrive/Documents/WC_Teach/Sep2-3_2023/VRTutorial/Content/Characters/MannequinsXR/Textures/Manny/T_Manny_02_D.uasset" 697
"C:/Users/lthon/OneDrive/Documents/WC_Teach/Sep2-3_2023/VRTutorial/Content/Characters/MannequinsXR/Textures/Manny/T_Manny_02_D.uexp" 698
"C:/Users/lthon/OneDrive/Documents/WC_Teach/Sep2-3_2023/VRTutorial/Content/Characters/MannequinsXR/Textures/Manny/T_Manny_02_ASAOPMASK_MSK.ubulk" 699
"C:/Users/lthon/OneDrive/Documents/WC_Teach/Sep2-3_2023/VRTutorial/Content/Characters/MannequinsXR/Textures/Manny/T_Manny_02_ASAOPMASK_MSK.uasset" 700
"C:/Users/lthon/OneDrive/Documents/WC_Teach/Sep2-3_2023/VRTutorial/Content/Characters/MannequinsXR/Textures/Manny/T_Manny_02_ASAOPMASK_MSK.uexp" 701
"C:/Users/lthon/OneDrive/Documents/WC_Teach/Sep2-3_2023/VRTutorial/Content/Characters/MannequinsXR/Textures/Manny/T_Manny_02_CCRCCPlastic_MSK.ubulk" 702
"C:/Users/lthon/OneDrive/Documents/WC_Teach/Sep2-3_2023/VRTutorial/Content/Characters/MannequinsXR/Textures/Manny/T_Manny_02_CCRCCPlastic_MSK.uasset" 703
"C:/Users/lthon/OneDrive/Documents/WC_Teach/Sep2-3_2023/VRTutorial/Content/Characters/MannequinsXR/Textures/Manny/T_Manny_02_CCRCCPlastic_MSK.uexp" 704
"C:/Users/lthon/OneDrive/Documents/WC_Teach/Sep2-3_2023/VRTutorial/Content/Characters/MannequinsXR/Textures/Manny/T_Manny_02_BN.ubulk" 705
"C:/Users/lthon/OneDrive/Documents/WC_Teach/Sep2-3_2023/VRTutorial/Content/Characters/MannequinsXR/Textures/Manny/T_Manny_02_BN.uasset" 706
"C:/Users/lthon/OneDrive/Documents/WC_Teach/Sep2-3_2023/VRTutorial/Content/Characters/MannequinsXR/Textures/Manny/T_Manny_02_BN.uexp" 707
"C:/Users/lthon/OneDrive/Documents/WC_Teach/Sep2-3_2023/VRTutorial/Content/Characters/MannequinsXR/Materials/Instances/Manny/MI_Manny_02.uasset" 708
"C:/Users/lthon/OneDrive/Documents/WC_Teach/Sep2-3_2023/VRTutorial/Content/Characters/MannequinsXR/Materials/Instances/Manny/MI_Manny_02.uexp" 709
"C:/Users/lthon/OneDrive/Documents/WC_Teach/Sep2-3_2023/VRTutorial/Content/Characters/MannequinsXR/Meshes/SK_MannequinsXR.uasset" 710
"C:/Users/lthon/OneDrive/Documents/WC_Teach/Sep2-3_2023/VRTutorial/Content/Characters/MannequinsXR/Meshes/SK_MannequinsXR.uexp" 711
"C:/Users/lthon/OneDrive/Documents/WC_Teach/Sep2-3_2023/VRTutorial/Content/Characters/MannequinsXR/Meshes/SKM_MannyXR_left.uasset" 712
"C:/Users/lthon/OneDrive/Documents/WC_Teach/Sep2-3_2023/VRTutorial/Content/Characters/MannequinsXR/Meshes/SKM_MannyXR_left.uexp" 713
"../../../Engine/Content/Animation/DefaultAnimCurveCompressionSettings.uasset" 714
"../../../Engine/Content/Animation/DefaultAnimCurveCompressionSettings.uexp" 715
"../../../Engine/Content/Animation/DefaultRecorderBoneCompression.uasset" 716
"../../../Engine/Content/Animation/DefaultRecorderBoneCompression.uexp" 717
"C:/Users/lthon/OneDrive/Documents/WC_Teach/Sep2-3_2023/VRTutorial/Content/Characters/MannequinsXR/Animations/A_MannequinsXR_Idle_Right.uasset" 718
"C:/Users/lthon/OneDrive/Documents/WC_Teach/Sep2-3_2023/VRTutorial/Content/Characters/MannequinsXR/Animations/A_MannequinsXR_Idle_Right.uexp" 719
"C:/Users/lthon/OneDrive/Documents/WC_Teach/Sep2-3_2023/VRTutorial/Content/Characters/MannequinsXR/Animations/A_MannequinsXR_ThumbUp_Right.uasset" 720
"C:/Users/lthon/OneDrive/Documents/WC_Teach/Sep2-3_2023/VRTutorial/Content/Characters/MannequinsXR/Animations/A_MannequinsXR_ThumbUp_Right.uexp" 721
"C:/Users/lthon/OneDrive/Documents/WC_Teach/Sep2-3_2023/VRTutorial/Content/Characters/MannequinsXR/Animations/A_MannequinsXR_Point_Right.uasset" 722
"C:/Users/lthon/OneDrive/Documents/WC_Teach/Sep2-3_2023/VRTutorial/Content/Characters/MannequinsXR/Animations/A_MannequinsXR_Point_Right.uexp" 723
"C:/Users/lthon/OneDrive/Documents/WC_Teach/Sep2-3_2023/VRTutorial/Content/Characters/MannequinsXR/Animations/MDT_MannequinsXR.uasset" 724
"C:/Users/lthon/OneDrive/Documents/WC_Teach/Sep2-3_2023/VRTutorial/Content/Characters/MannequinsXR/Animations/MDT_MannequinsXR.uexp" 725
"C:/Users/lthon/OneDrive/Documents/WC_Teach/Sep2-3_2023/VRTutorial/Content/Characters/MannequinsXR/Animations/A_MannequinsXR_Grasp_Right.uasset" 726
"C:/Users/lthon/OneDrive/Documents/WC_Teach/Sep2-3_2023/VRTutorial/Content/Characters/MannequinsXR/Animations/A_MannequinsXR_Grasp_Right.uexp" 727
"C:/Users/lthon/OneDrive/Documents/WC_Teach/Sep2-3_2023/VRTutorial/Content/Characters/MannequinsXR/Animations/A_MannequinsXR_IndexCurl_Right.uasset" 728
"C:/Users/lthon/OneDrive/Documents/WC_Teach/Sep2-3_2023/VRTutorial/Content/Characters/MannequinsXR/Animations/A_MannequinsXR_IndexCurl_Right.uexp" 729
"C:/Users/lthon/OneDrive/Documents/WC_Teach/Sep2-3_2023/VRTutorial/Content/Characters/MannequinsXR/Meshes/ABP_MannequinsXR.uasset" 730
"C:/Users/lthon/OneDrive/Documents/WC_Teach/Sep2-3_2023/VRTutorial/Content/Characters/MannequinsXR/Meshes/ABP_MannequinsXR.uexp" 731
"C:/Users/lthon/OneDrive/Documents/WC_Teach/Sep2-3_2023/VRTutorial/Content/Characters/MannequinsXR/B_MannequinsXR.uasset" 732
"C:/Users/lthon/OneDrive/Documents/WC_Teach/Sep2-3_2023/VRTutorial/Content/Characters/MannequinsXR/B_MannequinsXR.uexp" 733
"../../../Engine/Plugins/FX/Niagara/Content/Icons/Modules/T_Icon_Solver_LimitSpeed.uasset" 734
"../../../Engine/Plugins/FX/Niagara/Content/Icons/Modules/T_Icon_Solver_LimitSpeed.uexp" 735
"../../../Engine/Plugins/FX/Niagara/Content/Icons/Modules/T_Icon_Solver_RotationalSolve.uasset" 736
"../../../Engine/Plugins/FX/Niagara/Content/Icons/Modules/T_Icon_Solver_RotationalSolve.uexp" 737
"../../../Engine/Plugins/FX/Niagara/Content/Icons/Modules/T_Icon_Solver_LimitAccel.uasset" 738
"../../../Engine/Plugins/FX/Niagara/Content/Icons/Modules/T_Icon_Solver_LimitAccel.uexp" 739
"C:/Users/lthon/OneDrive/Documents/WC_Teach/Sep2-3_2023/VRTutorial/Content/VRTemplate/Materials/DefaultRibbonMaterial_NoGradient.uasset" 740
"C:/Users/lthon/OneDrive/Documents/WC_Teach/Sep2-3_2023/VRTutorial/Content/VRTemplate/Materials/DefaultRibbonMaterial_NoGradient.uexp" 741
"C:/Users/lthon/OneDrive/Documents/WC_Teach/Sep2-3_2023/VRTutorial/Content/VRTemplate/VFX/NS_TeleportTrace.uasset" 742
"C:/Users/lthon/OneDrive/Documents/WC_Teach/Sep2-3_2023/VRTutorial/Content/VRTemplate/VFX/NS_TeleportTrace.uexp" 743
"C:/Users/lthon/OneDrive/Documents/WC_Teach/Sep2-3_2023/VRTutorial/Content/Characters/MannequinsXR/Meshes/SKM_MannyXR_right.uasset" 744
"C:/Users/lthon/OneDrive/Documents/WC_Teach/Sep2-3_2023/VRTutorial/Content/Characters/MannequinsXR/Meshes/SKM_MannyXR_right.uexp" 745
"../../../Engine/Content/VREditor/Devices/Generic/GenericHMDMaterial.uasset" 746
"../../../Engine/Content/VREditor/Devices/Generic/GenericHMDMaterial.uexp" 747
"../../../Engine/Content/VREditor/Devices/Generic/GenericHMD.uasset" 748
"../../../Engine/Content/VREditor/Devices/Generic/GenericHMD.uexp" 749
"../../../Engine/Content/BasicShapes/Sphere.uasset" 750
"../../../Engine/Content/BasicShapes/Sphere.uexp" 751
"C:/Users/lthon/OneDrive/Documents/WC_Teach/Sep2-3_2023/VRTutorial/Content/VRTemplate/VFX/NS_MenuLaser.uasset" 752
"C:/Users/lthon/OneDrive/Documents/WC_Teach/Sep2-3_2023/VRTutorial/Content/VRTemplate/VFX/NS_MenuLaser.uexp" 753
"C:/Users/lthon/OneDrive/Documents/WC_Teach/Sep2-3_2023/VRTutorial/Content/VRTemplate/Blueprints/WidgetMenu.uasset" 754
"C:/Users/lthon/OneDrive/Documents/WC_Teach/Sep2-3_2023/VRTutorial/Content/VRTemplate/Blueprints/WidgetMenu.uexp" 755
"C:/Users/lthon/OneDrive/Documents/WC_Teach/Sep2-3_2023/VRTutorial/Content/VRTemplate/Materials/M_VRCursor.uasset" 756
"C:/Users/lthon/OneDrive/Documents/WC_Teach/Sep2-3_2023/VRTutorial/Content/VRTemplate/Materials/M_VRCursor.uexp" 757
"../../../Engine/Content/EditorBlueprintResources/StandardMacros.uasset" 758
"../../../Engine/Content/EditorBlueprintResources/StandardMacros.uexp" 759
"C:/Users/lthon/OneDrive/Documents/WC_Teach/Sep2-3_2023/VRTutorial/Content/VRTemplate/Blueprints/Menu.uasset" 760
"C:/Users/lthon/OneDrive/Documents/WC_Teach/Sep2-3_2023/VRTutorial/Content/VRTemplate/Blueprints/Menu.uexp" 761
"C:/Users/lthon/OneDrive/Documents/WC_Teach/Sep2-3_2023/VRTutorial/Content/VRTemplate/Blueprints/VRPawn.uasset" 762
"C:/Users/lthon/OneDrive/Documents/WC_Teach/Sep2-3_2023/VRTutorial/Content/VRTemplate/Blueprints/VRPawn.uexp" 763
"C:/Users/lthon/OneDrive/Documents/WC_Teach/Sep2-3_2023/VRTutorial/Content/VRTemplate/Blueprints/VRGameMode.uasset" 764
"C:/Users/lthon/OneDrive/Documents/WC_Teach/Sep2-3_2023/VRTutorial/Content/VRTemplate/Blueprints/VRGameMode.uexp" 765
"../../../Engine/Content/Functions/Engine_MaterialFunctions01/Shading/PowerToRoughness.uasset" 766
"../../../Engine/Content/Functions/Engine_MaterialFunctions01/Shading/PowerToRoughness.uexp" 767
"../../../Engine/Content/Functions/Engine_MaterialFunctions01/Shading/ConvertFromDiffSpec.uasset" 768
"../../../Engine/Content/Functions/Engine_MaterialFunctions01/Shading/ConvertFromDiffSpec.uexp" 769
"../../../Engine/Content/EngineSky/VolumetricClouds/CloudWeatherTexture.uasset" 770
"../../../Engine/Content/EngineSky/VolumetricClouds/CloudWeatherTexture.uexp" 771
"../../../Engine/Content/Functions/Engine_MaterialFunctions02/Utility/MakeFloat2.uasset" 772
"../../../Engine/Content/Functions/Engine_MaterialFunctions02/Utility/MakeFloat2.uexp" 773
"../../../Engine/Content/EngineSky/VolumetricClouds/CloudGradientTexture.uasset" 774
"../../../Engine/Content/EngineSky/VolumetricClouds/CloudGradientTexture.uexp" 775
"../../../Engine/Content/EngineSky/VolumetricClouds/T_NoiseShape64.ubulk" 776
"../../../Engine/Content/EngineSky/VolumetricClouds/T_NoiseShape64.uasset" 777
"../../../Engine/Content/EngineSky/VolumetricClouds/T_NoiseShape64.uexp" 778
"../../../Engine/Content/EngineSky/VolumetricClouds/T_VolumeNoiseShape64.uasset" 779
"../../../Engine/Content/EngineSky/VolumetricClouds/T_VolumeNoiseShape64.uexp" 780
"../../../Engine/Content/EngineSky/VolumetricClouds/T_NoiseErosion.ubulk" 781
"../../../Engine/Content/EngineSky/VolumetricClouds/T_NoiseErosion.uasset" 782
"../../../Engine/Content/EngineSky/VolumetricClouds/T_NoiseErosion.uexp" 783
"../../../Engine/Content/EngineSky/VolumetricClouds/T_VolumeNoiseErosion32.uasset" 784
"../../../Engine/Content/EngineSky/VolumetricClouds/T_VolumeNoiseErosion32.uexp" 785
"../../../Engine/Content/EngineSky/VolumetricClouds/m_SimpleVolumetricCloud.uasset" 786
"../../../Engine/Content/EngineSky/VolumetricClouds/m_SimpleVolumetricCloud.uexp" 787
"../../../Engine/Content/EngineSky/VolumetricClouds/m_SimpleVolumetricCloud_Inst.uasset" 788
"../../../Engine/Content/EngineSky/VolumetricClouds/m_SimpleVolumetricCloud_Inst.uexp" 789
"../../../Engine/Content/EngineResources/FilmGrains/Marcie_Grain_v3_128_M2_000.uasset" 790
"../../../Engine/Content/EngineResources/FilmGrains/Marcie_Grain_v3_128_M2_000.uexp" 791
"../../../Engine/Content/EditorResources/SequenceRecorder/RecordingIndicator.uasset" 792
"../../../Engine/Content/EditorResources/SequenceRecorder/RecordingIndicator.uexp" 793
"../../../Engine/Content/EditorResources/SequenceRecorder/Countdown.uasset" 794
"../../../Engine/Content/EditorResources/SequenceRecorder/Countdown.uexp" 795
"../../../Engine/Content/Maps/Entry_BuiltData.uasset" 796
"../../../Engine/Content/Maps/Entry_BuiltData.uexp" 797
"../../../Engine/Content/Maps/Entry.uexp" 798
"../../../Engine/Content/Maps/Entry.umap" 799
"../../../Engine/Content/BasicShapes/Cube.uasset" 800
"../../../Engine/Content/BasicShapes/Cube.uexp" 801
"../../../Engine/Content/EngineMaterials/BlendFunc_DefBlend.uasset" 802
"../../../Engine/Content/EngineMaterials/BlendFunc_DefBlend.uexp" 803
"../../../Engine/Content/EngineMaterials/BlendFunc_DefBase.uasset" 804
"../../../Engine/Content/EngineMaterials/BlendFunc_DefBase.uexp" 805
"../../../Engine/Content/Functions/Engine_MaterialFunctions03/Blends/Blend_Overlay.uasset" 806
"../../../Engine/Content/Functions/Engine_MaterialFunctions03/Blends/Blend_Overlay.uexp" 807
"../../../Engine/Content/OpenWorldTemplate/LandscapeMaterial/T_GridChecker_A.ubulk" 808
"../../../Engine/Content/OpenWorldTemplate/LandscapeMaterial/T_GridChecker_A.uasset" 809
"../../../Engine/Content/OpenWorldTemplate/LandscapeMaterial/T_GridChecker_A.uexp" 810
"../../../Engine/Content/Functions/Engine_MaterialFunctions02/Utility/MakeFloat3.uasset" 811
"../../../Engine/Content/Functions/Engine_MaterialFunctions02/Utility/MakeFloat3.uexp" 812
"../../../Engine/Content/Functions/Engine_MaterialFunctions01/Gradient/LinearGradient.uasset" 813
"../../../Engine/Content/Functions/Engine_MaterialFunctions01/Gradient/LinearGradient.uexp" 814
"../../../Engine/Content/Functions/Engine_MaterialFunctions01/ImageAdjustment/CheapContrast.uasset" 815
"../../../Engine/Content/Functions/Engine_MaterialFunctions01/ImageAdjustment/CheapContrast.uexp" 816
"../../../Engine/Content/OpenWorldTemplate/LandscapeMaterial/MF_ProcGrid.uasset" 817
"../../../Engine/Content/OpenWorldTemplate/LandscapeMaterial/MF_ProcGrid.uexp" 818
"../../../Engine/Content/OpenWorldTemplate/LandscapeMaterial/M_ProcGrid.uasset" 819
"../../../Engine/Content/OpenWorldTemplate/LandscapeMaterial/M_ProcGrid.uexp" 820
"../../../Engine/Content/OpenWorldTemplate/LandscapeMaterial/MI_ProcGrid.uasset" 821
"../../../Engine/Content/OpenWorldTemplate/LandscapeMaterial/MI_ProcGrid.uexp" 822
"../../../Engine/Content/EngineSky/T_Sky_Stars.ubulk" 823
"../../../Engine/Content/EngineSky/T_Sky_Stars.uasset" 824
"../../../Engine/Content/EngineSky/T_Sky_Stars.uexp" 825
"../../../Engine/Content/EngineSky/T_Sky_Clouds_M.ubulk" 826
"../../../Engine/Content/EngineSky/T_Sky_Clouds_M.uasset" 827
"../../../Engine/Content/EngineSky/T_Sky_Clouds_M.uexp" 828
"../../../Engine/Content/EngineSky/T_Sky_Blue.ubulk" 829
"../../../Engine/Content/EngineSky/T_Sky_Blue.uasset" 830
"../../../Engine/Content/EngineSky/T_Sky_Blue.uexp" 831
"../../../Engine/Content/EngineSky/M_Sky_Panning_Clouds2.uasset" 832
"../../../Engine/Content/EngineSky/M_Sky_Panning_Clouds2.uexp" 833
"../../../Engine/Content/EngineSky/SM_SkySphere.uasset" 834
"../../../Engine/Content/EngineSky/SM_SkySphere.uexp" 835
"../../../Engine/Content/MapTemplates/SM_Template_Map_Floor.uasset" 836
"../../../Engine/Content/MapTemplates/SM_Template_Map_Floor.uexp" 837
"C:/Users/lthon/OneDrive/Documents/WC_Teach/Sep2-3_2023/VRTutorial/Content/OurGame/BS1D_VRHand.uasset" 838
"C:/Users/lthon/OneDrive/Documents/WC_Teach/Sep2-3_2023/VRTutorial/Content/OurGame/BS1D_VRHand.uexp" 839
"C:/Users/lthon/OneDrive/Documents/WC_Teach/Sep2-3_2023/VRTutorial/Content/OurGame/ABP_VRHand.uasset" 840
"C:/Users/lthon/OneDrive/Documents/WC_Teach/Sep2-3_2023/VRTutorial/Content/OurGame/ABP_VRHand.uexp" 841
"C:/Users/lthon/OneDrive/Documents/WC_Teach/Sep2-3_2023/VRTutorial/Content/OurGame/BluePrint/BPI_GrabbableActor.uasset" 842
"C:/Users/lthon/OneDrive/Documents/WC_Teach/Sep2-3_2023/VRTutorial/Content/OurGame/BluePrint/BPI_GrabbableActor.uexp" 843
"C:/Users/lthon/OneDrive/Documents/WC_Teach/Sep2-3_2023/VRTutorial/Content/OurGame/BluePrint/BP_VRPawn.uasset" 844
"C:/Users/lthon/OneDrive/Documents/WC_Teach/Sep2-3_2023/VRTutorial/Content/OurGame/BluePrint/BP_VRPawn.uexp" 845
"C:/Users/lthon/OneDrive/Documents/WC_Teach/Sep2-3_2023/VRTutorial/Content/OurGame/BluePrint/GameMode_VR.uasset" 846
"C:/Users/lthon/OneDrive/Documents/WC_Teach/Sep2-3_2023/VRTutorial/Content/OurGame/BluePrint/GameMode_VR.uexp" 847
"../../../Engine/Content/BasicShapes/BasicShapeMaterial.uasset" 848
"../../../Engine/Content/BasicShapes/BasicShapeMaterial.uexp" 849
"../../../Engine/Content/EngineSky/M_SimpleSkyDome.uasset" 850
"../../../Engine/Content/EngineSky/M_SimpleSkyDome.uexp" 851
"C:/Users/lthon/OneDrive/Documents/WC_Teach/Sep2-3_2023/VRTutorial/Content/StarterContent/Textures/T_Statue_N.ubulk" 852
"C:/Users/lthon/OneDrive/Documents/WC_Teach/Sep2-3_2023/VRTutorial/Content/StarterContent/Textures/T_Statue_N.uasset" 853
"C:/Users/lthon/OneDrive/Documents/WC_Teach/Sep2-3_2023/VRTutorial/Content/StarterContent/Textures/T_Statue_N.uexp" 854
"C:/Users/lthon/OneDrive/Documents/WC_Teach/Sep2-3_2023/VRTutorial/Content/StarterContent/Textures/T_Statue_M.ubulk" 855
"C:/Users/lthon/OneDrive/Documents/WC_Teach/Sep2-3_2023/VRTutorial/Content/StarterContent/Textures/T_Statue_M.uasset" 856
"C:/Users/lthon/OneDrive/Documents/WC_Teach/Sep2-3_2023/VRTutorial/Content/StarterContent/Textures/T_Statue_M.uexp" 857
"C:/Users/lthon/OneDrive/Documents/WC_Teach/Sep2-3_2023/VRTutorial/Content/StarterContent/Props/Materials/M_Statue.uasset" 858
"C:/Users/lthon/OneDrive/Documents/WC_Teach/Sep2-3_2023/VRTutorial/Content/StarterContent/Props/Materials/M_Statue.uexp" 859
"C:/Users/lthon/OneDrive/Documents/WC_Teach/Sep2-3_2023/VRTutorial/Content/StarterContent/Props/Materials/M_StatueGlass.uasset" 860
"C:/Users/lthon/OneDrive/Documents/WC_Teach/Sep2-3_2023/VRTutorial/Content/StarterContent/Props/Materials/M_StatueGlass.uexp" 861
"C:/Users/lthon/OneDrive/Documents/WC_Teach/Sep2-3_2023/VRTutorial/Content/StarterContent/Props/SM_Statue.uasset" 862
"C:/Users/lthon/OneDrive/Documents/WC_Teach/Sep2-3_2023/VRTutorial/Content/StarterContent/Props/SM_Statue.uexp" 863
"C:/Users/lthon/OneDrive/Documents/WC_Teach/Sep2-3_2023/VRTutorial/Content/OurGame/BluePrint/BP_GrabbableActor.uasset" 864
"C:/Users/lthon/OneDrive/Documents/WC_Teach/Sep2-3_2023/VRTutorial/Content/OurGame/BluePrint/BP_GrabbableActor.uexp" 865
"C:/Users/lthon/OneDrive/Documents/WC_Teach/Sep2-3_2023/VRTutorial/Content/OurGame/level.uexp" 866
"C:/Users/lthon/OneDrive/Documents/WC_Teach/Sep2-3_2023/VRTutorial/Content/OurGame/level.umap" 867
